09:04:58,neptune,0,tcp,private,REJ,0,0,0,0,0,0,0,0,0,0,0,0,0,0,0,0,0,0,229,10,0.00,0.00,1.00,1.00,0.04,0.06,0.00,255,10,0.04,0.06,0.00,0.00,0.00,0.00,1.00,1.00
09:04:59,neptune,0,tcp,private,REJ,0,0,0,0,0,0,0,0,0,0,0,0,0,0,0,0,0,0,136,1,0.00,0.00,1.00,1.00,0.01,0.06,0.00,255,1,0.00,0.06,0.00,0.00,0.00,0.00,1.00,1.00
09:05:00,normal,2,tcp,ftp_data,SF,12983,0,0,0,0,0,0,0,0,0,0,0,0,0,0,0,0,0,1,1,0.00,0.00,0.00,0.00,1.00,0.00,0.00,134,86,0.61,0.04,0.61,0.02,0.00,0.00,0.00,0.00
09:05:01,saint,0,icmp,eco_i,SF,20,0,0,0,0,0,0,0,0,0,0,0,0,0,0,0,0,0,1,65,0.00,0.00,0.00,0.00,1.00,0.00,1.00,3,57,1.00,0.00,1.00,0.28,0.00,0.00,0.00,0.00
09:05:02,mscan,1,tcp,telnet,RSTO,0,15,0,0,0,0,0,0,0,0,0,0,0,0,0,0,0,0,1,8,0.00,0.12,1.00,0.50,1.00,0.00,0.75,29,86,0.31,0.17,0.03,0.02,0.00,0.00,0.83,0.71
09:05:03,normal,0,tcp,http,SF,267,14515,0,0,0,0,0,1,0,0,0,0,0,0,0,0,0,0,4,4,0.00,0.00,0.00,0.00,1.00,0.00,0.00,155,255,1.00,0.00,0.01,0.03,0.01,0.00,0.00,0.00
09:05:04,normal,0,tcp,smtp,SF,1022,387,0,0,0,0,0,1,0,0,0,0,0,0,0,0,0,0,1,3,0.00,0.00,0.00,0.00,1.00,0.00,1.00,255,28,0.11,0.72,0.00,0.00,0.00,0.00,0.72,0.04
09:05:05,guess_passwd,0,tcp,telnet,SF,129,174,0,0,0,0,1,0,0,0,0,0,0,0,0,0,0,0,1,1,0.00,0.00,0.00,0.00,1.00,0.00,0.00,255,255,1.00,0.00,0.00,0.00,0.01,0.01,0.02,0.02
09:05:06,normal,0,tcp,http,SF,327,467,0,0,0,0,0,1,0,0,0,0,0,0,0,0,0,0,33,47,0.00,0.00,0.00,0.00,1.00,0.00,0.04,151,255,1.00,0.00,0.01,0.03,0.00,0.00,0.00,0.00
09:05:07,guess_passwd,0,tcp,ftp,SF,26,157,0,0,0,0,1,0,0,0,0,0,0,0,0,0,0,1,1,1,0.00,0.00,0.00,0.00,1.00,0.00,0.00,52,26,0.50,0.08,0.02,0.00,0.00,0.00,0.00,0.00
09:05:08,mscan,0,tcp,telnet,SF,0,0,0,0,0,0,0,0,0,0,0,0,0,0,0,0,0,0,1,1,0.00,0.00,0.00,0.00,1.00,0.00,0.00,255,128,0.50,0.01,0.00,0.00,0.00,0.00,0.66,0.32
09:05:09,normal,0,tcp,smtp,SF,616,330,0,0,0,0,0,1,0,0,0,0,0,0,0,0,0,0,1,2,0.00,0.00,0.00,0.00,1.00,0.00,1.00,255,129,0.51,0.03,0.00,0.00,0.00,0.00,0.33,0.00
09:05:10,neptune,0,tcp,private,REJ,0,0,0,0,0,0,0,0,0,0,0,0,0,0,0,0,0,0,111,2,0.00,0.00,1.00,1.00,0.02,0.07,0.00,255,2,0.01,0.07,0.00,0.00,0.00,0.00,1.00,1.00
09:05:11,neptune,0,tcp,telnet,S0,0,0,0,0,0,0,0,0,0,0,0,0,0,0,0,0,0,0,120,120,1.00,1.00,0.00,0.00,1.00,0.00,0.00,235,171,0.73,0.07,0.00,0.00,0.69,0.95,0.02,0.00
09:05:12,normal,37,tcp,telnet,SF,773,364200,0,0,0,0,0,1,0,0,0,0,0,0,0,0,0,0,1,1,0.00,0.00,0.00,0.00,1.00,0.00,0.00,38,73,0.16,0.05,0.03,0.04,0.00,0.77,0.00,0.07
09:05:13,normal,0,tcp,http,SF,350,3610,0,0,0,0,0,1,0,0,0,0,0,0,0,0,0,0,8,8,0.00,0.00,0.00,0.00,1.00,0.00,0.00,71,255,1.00,0.00,0.01,0.04,0.00,0.00,0.00,0.00
09:05:14,normal,0,tcp,http,SF,213,659,0,0,0,0,0,1,0,0,0,0,0,0,0,0,0,0,24,24,0.00,0.00,0.00,0.00,1.00,0.00,0.00,255,255,1.00,0.00,0.00,0.00,0.00,0.00,0.00,0.00
09:05:15,normal,0,tcp,http,SF,246,2090,0,0,0,0,0,1,0,0,0,0,0,0,0,0,0,0,16,16,0.00,0.00,0.00,0.00,1.00,0.00,0.00,35,255,1.00,0.00,0.03,0.05,0.00,0.00,0.00,0.00
09:05:16,normal,0,udp,private,SF,45,44,0,0,0,0,0,0,0,0,0,0,0,0,0,0,0,0,505,505,0.00,0.00,0.00,0.00,1.00,0.00,0.00,255,255,1.00,0.00,1.00,0.00,0.00,0.00,0.00,0.00
09:05:17,neptune,0,tcp,private,REJ,0,0,0,0,0,0,0,0,0,0,0,0,0,0,0,0,0,0,204,18,0.00,0.00,1.00,1.00,0.09,0.07,0.00,255,18,0.07,0.07,0.00,0.00,0.00,0.00,1.00,1.00
09:05:18,neptune,0,tcp,ldap,REJ,0,0,0,0,0,0,0,0,0,0,0,0,0,0,0,0,0,0,118,19,0.00,0.00,1.00,1.00,0.16,0.05,0.00,255,19,0.07,0.05,0.00,0.00,0.00,0.00,1.00,1.00
09:05:19,mscan,0,tcp,pop_3,S0,0,0,0,0,0,0,0,0,0,0,0,0,0,0,0,0,0,0,1,1,1.00,1.00,0.00,0.00,1.00,0.00,0.00,255,87,0.34,0.01,0.01,0.00,1.00,1.00,0.00,0.00
09:05:20,normal,0,tcp,http,SF,196,1823,0,0,0,0,0,1,0,0,0,0,0,0,0,0,0,0,17,17,0.00,0.00,0.00,0.00,1.00,0.00,0.00,255,255,1.00,0.00,0.00,0.00,0.00,0.00,0.00,0.00
09:05:21,normal,0,tcp,http,SF,277,1816,0,0,0,0,0,1,0,0,0,0,0,0,0,0,0,0,17,18,0.00,0.00,0.00,0.00,1.00,0.00,0.11,36,255,1.00,0.00,0.03,0.02,0.00,0.00,0.00,0.00
09:05:22,neptune,0,tcp,courier,REJ,0,0,0,0,0,0,0,0,0,0,0,0,0,0,0,0,0,0,116,8,0.00,0.00,1.00,1.00,0.07,0.07,0.00,255,8,0.03,0.06,0.00,0.00,0.00,0.00,1.00,1.00
09:05:23,neptune,0,tcp,discard,RSTO,0,0,0,0,0,0,0,0,0,0,0,0,0,0,0,0,0,0,273,13,0.00,0.00,1.00,1.00,0.05,0.06,0.00,255,13,0.05,0.06,0.00,0.00,0.00,0.00,1.00,1.00
09:05:24,normal,0,tcp,http,SF,294,6442,0,0,0,0,0,1,0,0,0,0,0,0,0,0,0,0,22,46,0.00,0.00,0.00,0.00,1.00,0.00,0.11,180,255,1.00,0.00,0.01,0.01,0.00,0.00,0.00,0.00
09:05:26,normal,0,tcp,http,SF,300,440,0,0,0,0,0,1,0,0,0,0,0,0,0,0,0,0,7,7,0.00,0.00,0.00,0.00,1.00,0.00,0.00,255,255,1.00,0.00,0.00,0.00,0.00,0.00,0.00,0.00
09:05:27,smurf,0,icmp,ecr_i,SF,520,0,0,0,0,0,0,0,0,0,0,0,0,0,0,0,0,0,511,511,0.00,0.00,0.00,0.00,1.00,0.00,0.00,46,59,1.00,0.00,1.00,0.14,0.00,0.00,0.00,0.00
09:05:28,normal,0,udp,private,SF,54,51,0,0,0,0,0,0,0,0,0,0,0,0,0,0,0,0,511,511,0.00,0.00,0.00,0.00,1.00,0.00,0.00,255,255,1.00,0.00,0.83,0.00,0.00,0.00,0.00,0.00
09:05:29,apache2,805,tcp,http,RSTR,76944,1,0,0,0,0,0,1,0,0,0,0,0,0,0,0,0,0,12,12,0.00,0.00,1.00,1.00,1.00,0.00,0.00,241,238,0.99,0.01,0.00,0.00,0.00,0.00,0.07,0.07
09:05:30,normal,0,tcp,smtp,SF,720,281,0,0,0,0,0,1,0,0,0,0,0,0,0,0,0,0,1,2,0.00,0.00,0.00,0.00,1.00,0.00,1.00,158,82,0.52,0.06,0.01,0.00,0.01,0.00,0.00,0.00
09:05:31,normal,0,tcp,http,SF,301,19794,0,0,0,0,0,1,0,0,0,0,0,0,0,0,0,0,15,15,0.00,0.00,0.00,0.00,1.00,0.00,0.00,20,255,1.00,0.00,0.05,0.02,0.05,0.00,0.00,0.00
09:05:32,normal,0,udp,private,SF,1,1,0,0,0,0,0,0,0,0,0,0,0,0,0,0,0,0,40,3,0.00,0.00,0.00,0.00,0.08,0.38,0.00,255,3,0.01,0.58,0.99,0.00,0.00,0.00,0.01,0.00
09:05:33,satan,0,tcp,private,REJ,0,0,0,0,0,0,0,0,0,0,0,0,0,0,0,0,0,0,483,1,0.05,0.00,0.92,1.00,0.00,1.00,0.00,255,1,0.00,1.00,0.00,0.00,0.00,0.00,0.96,1.00
09:05:34,mscan,0,tcp,imap4,RSTO,0,44,0,0,0,0,0,0,0,0,0,0,0,0,0,0,0,0,2,2,0.00,0.00,1.00,1.00,0.50,1.00,1.00,185,59,0.24,0.03,0.01,0.03,0.01,0.00,0.89,0.95
09:05:35,normal,0,tcp,http,SF,209,12894,0,0,0,0,0,1,0,0,0,0,0,0,0,0,0,0,11,11,0.00,0.00,0.00,0.00,1.00,0.00,0.00,255,255,1.00,0.00,0.00,0.00,0.00,0.00,0.00,0.00
09:05:36,buffer_overflow,8,tcp,ftp,SF,220,688,0,0,0,4,0,1,0,0,0,0,4,0,0,0,0,0,1,1,0.00,0.00,0.00,0.00,1.00,0.00,0.00,53,27,0.51,0.08,0.02,0.00,0.00,0.00,0.00,0.00
09:05:37,normal,0,udp,domain_u,SF,43,71,0,0,0,0,0,0,0,0,0,0,0,0,0,0,0,0,113,113,0.00,0.00,0.00,0.00,1.00,0.00,0.00,255,254,1.00,0.01,0.00,0.00,0.00,0.00,0.00,0.00
09:05:38,normal,0,tcp,ftp_data,SF,88382,0,0,0,0,0,0,0,0,0,0,0,0,0,0,0,0,0,15,15,0.00,0.00,0.00,0.00,1.00,0.00,0.00,203,114,0.38,0.01,0.38,0.02,0.00,0.00,0.00,0.00
09:05:39,neptune,0,tcp,private,S0,0,0,0,0,0,0,0,0,0,0,0,0,0,0,0,0,0,0,144,8,1.00,1.00,0.00,0.00,0.06,0.06,0.00,255,8,0.03,0.06,0.00,0.00,1.00,1.00,0.00,0.00
09:05:40,normal,0,tcp,http,SF,277,4968,0,0,0,0,0,1,0,0,0,0,0,0,0,0,0,0,13,13,0.00,0.00,0.00,0.00,1.00,0.00,0.00,13,255,1.00,0.00,0.08,0.01,0.00,0.00,0.00,0.00
09:05:41,normal,0,tcp,http,SF,321,2715,0,0,0,0,0,1,0,0,0,0,0,0,0,0,0,0,29,37,0.03,0.05,0.00,0.00,1.00,0.00,0.08,29,255,1.00,0.00,0.03,0.04,0.03,0.00,0.00,0.00
09:05:42,normal,0,tcp,http,SF,335,3228,0,0,0,0,0,1,0,0,0,0,0,0,0,0,0,0,49,50,0.00,0.00,0.00,0.00,1.00,0.00,0.04,255,255,1.00,0.00,0.00,0.00,0.00,0.00,0.00,0.00
09:05:43,neptune,0,tcp,mtp,REJ,0,0,0,0,0,0,0,0,0,0,0,0,0,0,0,0,0,0,266,8,0.00,0.00,1.00,1.00,0.03,0.06,0.00,255,8,0.03,0.06,0.00,0.00,0.00,0.00,1.00,1.00
09:05:44,normal,0,tcp,http,SF,234,3236,0,0,0,0,0,1,0,0,0,0,0,0,0,0,0,0,8,21,0.00,0.00,0.00,0.00,1.00,0.00,0.10,255,255,1.00,0.00,0.00,0.00,0.00,0.00,0.00,0.00
09:05:45,neptune,0,tcp,systat,S0,0,0,0,0,0,0,0,0,0,0,0,0,0,0,0,0,0,0,281,6,1.00,1.00,0.00,0.00,0.02,0.06,0.00,255,6,0.02,0.07,0.00,0.00,1.00,1.00,0.00,0.00
09:05:46,back,0,tcp,http,SF,54540,8314,0,0,0,2,0,1,1,0,0,0,0,0,0,0,0,0,4,24,0.00,0.00,0.00,0.00,1.00,0.00,0.08,255,250,0.98,0.01,0.00,0.00,0.00,0.00,0.06,0.06
09:05:47,mscan,0,tcp,telnet,S0,0,0,0,0,0,0,0,0,0,0,0,0,0,0,0,0,0,0,1,12,1.00,0.33,0.00,0.67,1.00,0.00,0.92,91,86,0.34,0.03,0.01,0.03,1.00,1.00,0.00,0.00
09:05:48,normal,0,udp,private,SF,46,45,0,0,0,0,0,0,0,0,0,0,0,0,0,0,0,0,68,68,0.00,0.00,0.00,0.00,1.00,0.00,0.00,255,255,1.00,0.00,0.26,0.00,0.00,0.00,0.00,0.00
09:05:49,normal,0,tcp,http,SF,318,488,0,0,0,0,0,1,0,0,0,0,0,0,0,0,0,0,3,16,0.00,0.00,0.00,0.00,1.00,0.00,0.12,3,156,1.00,0.00,0.33,0.04,0.00,0.01,0.00,0.00
09:05:50,normal,0,tcp,http,SF,256,4926,0,0,0,0,0,1,0,0,0,0,0,0,0,0,0,0,1,41,0.00,0.00,0.00,0.00,1.00,0.00,0.07,255,241,0.95,0.02,0.00,0.00,0.00,0.00,0.00,0.00
09:05:51,neptune,0,tcp,iso_tsap,REJ,0,0,0,0,0,0,0,0,0,0,0,0,0,0,0,0,0,0,239,7,0.00,0.00,1.00,1.00,0.03,0.06,0.00,255,7,0.03,0.07,0.00,0.00,0.00,0.00,1.00,1.00
09:05:52,neptune,0,tcp,private,REJ,0,0,0,0,0,0,0,0,0,0,0,0,0,0,0,0,0,0,201,3,0.00,0.00,1.00,1.00,0.01,0.08,0.00,255,3,0.01,0.08,0.00,0.00,0.00,0.00,1.00,1.00
09:05:53,warezmaster,282,tcp,ftp,SF,160,599,0,0,0,2,0,1,0,0,0,0,0,0,0,0,0,1,1,1,0.00,0.00,0.00,0.00,1.00,0.00,0.00,255,37,0.15,0.02,0.00,0.00,0.00,0.00,0.44,0.00
09:05:54,normal,0,tcp,http,SF,229,509,0,0,0,0,0,1,0,0,0,0,0,0,0,0,0,0,1,1,0.00,0.00,0.00,0.00,1.00,0.00,0.00,21,255,1.00,0.00,0.05,0.04,0.00,0.00,0.00,0.00
09:05:55,neptune,0,tcp,imap4,REJ,0,0,0,0,0,0,0,0,0,0,0,0,0,0,0,0,0,0,280,8,0.00,0.00,1.00,1.00,0.03,0.06,0.00,255,8,0.03,0.06,0.00,0.00,0.00,0.00,1.00,1.00
09:05:56,snmpgetattack,0,udp,private,SF,105,146,0,0,0,0,0,0,0,0,0,0,0,0,0,0,0,0,2,2,0.00,0.00,0.00,0.00,1.00,0.00,0.00,9,9,1.00,0.00,0.11,0.00,0.00,0.00,0.00,0.00
09:05:57,processtable,7428,tcp,telnet,SF,0,44,0,0,0,0,0,0,0,0,0,0,0,0,0,0,0,0,1,1,0.00,0.00,0.00,0.00,1.00,0.00,0.00,255,217,0.85,0.03,0.00,0.00,0.33,0.39,0.12,0.06
09:05:58,normal,0,tcp,http,SF,282,396,0,0,0,0,0,1,0,0,0,0,0,0,0,0,0,0,8,8,0.00,0.00,0.00,0.00,1.00,0.00,0.00,255,255,1.00,0.00,0.00,0.00,0.00,0.00,0.00,0.00
09:05:59,guess_passwd,4,tcp,pop_3,SF,28,93,0,0,0,0,0,1,0,0,0,0,0,0,0,0,0,0,1,1,0.00,0.00,0.00,0.00,1.00,0.00,0.00,255,249,0.98,0.02,0.00,0.00,0.00,0.00,0.00,0.00
09:06:00,warezmaster,280,tcp,ftp_data,SF,283618,0,0,0,0,0,0,0,0,0,0,0,0,0,0,0,0,0,2,2,0.00,0.00,0.00,0.00,1.00,0.00,0.00,7,10,0.86,0.29,0.86,0.20,0.00,0.00,0.00,0.00
09:06:01,normal,0,tcp,http,SF,233,2239,0,0,0,0,0,1,0,0,0,0,0,0,0,0,0,0,3,3,0.00,0.00,0.00,0.00,1.00,0.00,0.00,255,197,0.77,0.02,0.00,0.00,0.00,0.00,0.00,0.00
09:06:02,normal,0,tcp,http,SF,257,8712,0,0,0,0,0,1,0,0,0,0,0,0,0,0,0,0,2,20,0.00,0.00,0.00,0.00,1.00,0.00,0.20,255,255,1.00,0.00,0.00,0.00,0.00,0.00,0.00,0.00
09:06:03,satan,0,tcp,other,REJ,0,0,0,0,0,0,0,0,0,0,0,0,0,0,0,0,0,0,412,1,0.15,0.00,0.83,1.00,0.00,1.00,0.00,255,1,0.00,0.96,0.00,0.00,0.10,0.00,0.89,1.00
09:06:04,normal,0,tcp,http,SF,214,645,0,0,0,0,0,1,0,0,0,0,0,0,0,0,0,0,30,30,0.00,0.00,0.00,0.00,1.00,0.00,0.00,255,255,1.00,0.00,0.00,0.00,0.00,0.00,0.00,0.00
09:06:05,mscan,0,tcp,telnet,REJ,0,0,0,0,0,0,0,0,0,0,0,0,0,0,0,0,0,0,4,6,0.00,0.00,1.00,1.00,0.25,1.00,0.83,106,85,0.29,0.05,0.01,0.02,0.02,0.00,0.91,0.67
09:06:06,neptune,0,tcp,private,REJ,0,0,0,0,0,0,0,0,0,0,0,0,0,0,0,0,0,0,109,13,0.00,0.00,1.00,1.00,0.12,0.06,0.00,255,13,0.05,0.07,0.00,0.00,0.00,0.00,1.00,1.00
09:06:07,neptune,0,tcp,smtp,S0,0,0,0,0,0,0,0,0,0,0,0,0,0,0,0,0,0,0,114,1,1.00,1.00,0.00,0.00,0.01,0.06,0.00,255,1,0.00,0.05,0.00,0.00,1.00,1.00,0.00,0.00
09:06:08,normal,0,tcp,http,SF,203,651,0,0,0,0,0,1,0,0,0,0,0,0,0,0,0,0,19,19,0.00,0.00,0.00,0.00,1.00,0.00,0.00,255,255,1.00,0.00,0.00,0.00,0.00,0.00,0.00,0.00
09:06:09,neptune,0,tcp,private,REJ,0,0,0,0,0,0,0,0,0,0,0,0,0,0,0,0,0,0,216,14,0.00,0.00,1.00,1.00,0.06,0.06,0.00,255,14,0.05,0.07,0.00,0.00,0.00,0.00,1.00,1.00
09:06:10,normal,0,tcp,smtp,SF,0,83,0,0,0,0,0,1,0,0,0,0,0,0,0,0,0,0,1,2,0.00,0.00,0.00,0.00,1.00,0.00,1.00,61,146,0.80,0.07,0.02,0.01,0.00,0.00,0.00,0.01
09:06:11,normal,0,tcp,http,SF,307,484,0,0,0,0,0,1,0,0,0,0,0,0,0,0,0,0,2,2,0.00,0.00,0.00,0.00,1.00,0.00,0.00,10,255,1.00,0.00,0.10,0.05,0.00,0.00,0.00,0.00
09:06:12,normal,0,tcp,http,SF,320,1667,0,0,0,0,0,1,0,0,0,0,0,0,0,0,0,0,8,30,0.00,0.00,0.00,0.00,1.00,0.00,0.17,85,253,1.00,0.00,0.01,0.04,0.00,0.00,0.00,0.00
09:06:13,neptune,0,tcp,csnet_ns,REJ,0,0,0,0,0,0,0,0,0,0,0,0,0,0,0,0,0,0,251,3,0.00,0.00,1.00,1.00,0.01,0.06,0.00,255,3,0.01,0.06,0.00,0.00,0.00,0.00,1.00,1.00
09:06:14,normal,0,tcp,http,SF,215,430,0,0,0,0,0,1,0,0,0,0,0,0,0,0,0,0,1,1,0.00,0.00,0.00,0.00,1.00,0.00,0.00,40,255,1.00,0.00,0.03,0.04,0.00,0.00,0.00,0.00
09:06:15,normal,0,tcp,http,SF,358,3691,0,0,0,0,0,1,0,0,0,0,0,0,0,0,0,0,11,11,0.00,0.00,0.00,0.00,1.00,0.00,0.00,81,255,1.00,0.00,0.01,0.03,0.00,0.00,0.00,0.00
09:06:16,processtable,8092,tcp,telnet,SF,0,15,0,0,0,0,0,0,0,0,0,0,0,0,0,0,0,0,1,1,0.00,0.00,0.00,0.00,1.00,0.00,0.00,255,67,0.26,0.03,0.00,0.00,0.00,0.01,0.11,0.19
09:06:17,normal,0,tcp,http,SF,270,1332,0,0,0,0,0,1,0,0,0,0,0,0,0,0,0,0,2,2,0.00,0.00,0.00,0.00,1.00,0.00,0.00,7,255,1.00,0.00,0.14,0.04,0.00,0.00,0.00,0.00
09:06:18,normal,0,tcp,http,SF,337,283,0,0,0,0,0,1,0,0,0,0,0,0,0,0,0,0,24,29,0.00,0.00,0.00,0.00,1.00,0.00,0.10,255,255,1.00,0.00,0.00,0.00,0.00,0.00,0.00,0.00
09:06:19,neptune,0,tcp,private,REJ,0,0,0,0,0,0,0,0,0,0,0,0,0,0,0,0,0,0,267,19,0.01,0.00,0.99,1.00,0.07,0.06,0.00,255,19,0.07,0.06,0.00,0.00,0.01,0.00,0.99,1.00
09:06:20,neptune,0,tcp,private,REJ,0,0,0,0,0,0,0,0,0,0,0,0,0,0,0,0,0,0,231,6,0.00,0.00,1.00,1.00,0.03,0.07,0.00,255,6,0.02,0.07,0.00,0.00,0.00,0.00,1.00,1.00
09:06:21,pod,0,icmp,ecr_i,SF,1480,0,0,1,0,0,0,0,0,0,0,0,0,0,0,0,0,0,1,1,0.00,0.00,0.00,0.00,1.00,0.00,0.00,1,25,1.00,0.00,1.00,0.52,0.00,0.00,0.00,0.00
09:06:22,normal,0,tcp,http,SF,219,1310,0,0,0,0,0,1,0,0,0,0,0,0,0,0,0,0,4,4,0.00,0.00,0.00,0.00,1.00,0.00,0.00,4,251,1.00,0.00,0.25,0.08,0.00,0.00,0.00,0.00
09:06:23,normal,0,tcp,http,SF,258,1012,0,0,0,0,0,1,0,0,0,0,0,0,0,0,0,0,26,26,0.00,0.00,0.00,0.00,1.00,0.00,0.00,255,255,1.00,0.00,0.00,0.00,0.00,0.00,0.00,0.00
09:06:24,normal,0,tcp,http,SF,324,1093,0,0,0,0,0,1,0,0,0,0,0,0,0,0,0,0,5,8,0.00,0.00,0.00,0.00,1.00,0.00,0.38,69,255,1.00,0.00,0.01,0.01,0.00,0.00,0.00,0.00
09:06:25,neptune,0,tcp,finger,RSTO,0,0,0,0,0,0,0,0,0,0,0,0,0,0,0,0,0,0,58,19,0.00,0.00,1.00,1.00,0.33,0.07,0.00,255,62,0.24,0.11,0.00,0.00,0.00,0.00,1.00,1.00
09:06:26,mscan,0,tcp,pop_3,RSTO,0,36,0,0,0,0,0,1,0,0,0,0,0,0,0,0,0,0,3,7,0.00,0.00,1.00,1.00,0.33,1.00,1.00,189,60,0.24,0.03,0.01,0.03,0.00,0.00,0.88,0.98
09:06:27,normal,0,tcp,http,SF,236,10503,0,0,0,0,0,1,0,0,0,0,0,0,0,0,0,0,3,3,0.00,0.00,0.00,0.00,1.00,0.00,0.00,255,255,1.00,0.00,0.00,0.00,0.00,0.00,0.00,0.00
09:06:28,normal,0,tcp,ftp_data,SF,1699,0,0,0,0,0,0,0,0,0,0,0,0,0,0,0,0,0,1,1,0.00,0.00,0.00,0.00,1.00,0.00,0.00,36,7,0.19,0.11,0.19,0.00,0.00,0.00,0.00,0.00
09:06:29,normal,0,tcp,http,SF,327,910,0,0,0,0,0,1,0,0,0,0,0,0,0,0,0,0,14,15,0.00,0.00,0.00,0.00,1.00,0.00,0.13,14,255,1.00,0.00,0.07,0.03,0.00,0.00,0.00,0.00
09:06:30,normal,0,tcp,http,SF,303,2789,0,0,0,0,0,1,0,0,0,0,0,0,0,0,0,0,8,8,0.00,0.00,0.00,0.00,1.00,0.00,0.00,255,255,1.00,0.00,0.00,0.00,0.00,0.00,0.00,0.00
09:06:31,neptune,0,tcp,private,REJ,0,0,0,0,0,0,0,0,0,0,0,0,0,0,0,0,0,0,103,4,0.00,0.00,1.00,1.00,0.04,0.06,0.00,255,4,0.02,0.06,0.00,0.00,0.00,0.00,1.00,1.00
09:06:32,httptunnel,0,tcp,other,REJ,0,0,0,0,0,0,0,0,0,0,0,0,0,0,0,0,0,0,1,1,0.00,0.00,1.00,1.00,1.00,0.00,0.00,255,13,0.05,0.02,0.00,0.00,0.00,0.00,0.06,1.00
09:06:33,guess_passwd,3,tcp,pop_3,SF,28,93,0,0,0,0,0,1,0,0,0,0,0,0,0,0,0,0,1,1,0.00,0.00,0.00,0.00,1.00,0.00,0.00,255,254,1.00,0.01,0.00,0.00,0.00,0.00,0.00,0.00
09:06:34,normal,0,tcp,smtp,SF,0,83,0,0,0,0,0,1,0,0,0,0,0,0,0,0,0,0,1,1,0.00,0.00,0.00,0.00,1.00,0.00,0.00,110,25,0.23,0.13,0.01,0.00,0.00,0.00,0.00,0.00
09:06:35,normal,0,tcp,http,SF,282,4532,0,0,0,0,0,1,0,0,0,0,0,0,0,0,0,0,6,6,0.00,0.00,0.00,0.00,1.00,0.00,0.00,96,255,1.00,0.00,0.01,0.02,0.00,0.00,0.00,0.00
09:06:36,normal,0,udp,domain_u,SF,44,113,0,0,0,0,0,0,0,0,0,0,0,0,0,0,0,0,3,5,0.00,0.00,0.00,0.00,1.00,0.00,0.40,255,253,0.99,0.01,0.00,0.00,0.00,0.00,0.00,0.00
09:06:37,nmap,0,tcp,private,SH,0,0,0,0,0,0,0,0,0,0,0,0,0,0,0,0,0,0,1,1,1.00,1.00,0.00,0.00,1.00,0.00,0.00,30,1,0.03,1.00,1.00,0.00,1.00,1.00,0.00,0.00
09:06:38,neptune,0,tcp,uucp,RSTO,0,0,0,0,0,0,0,0,0,0,0,0,0,0,0,0,0,0,119,7,0.00,0.00,1.00,1.00,0.06,0.07,0.00,255,7,0.03,0.06,0.00,0.00,0.00,0.00,1.00,1.00
09:06:39,satan,0,tcp,other,S0,0,0,0,0,0,0,0,0,0,0,0,0,0,0,0,0,0,0,497,1,0.00,1.00,0.99,0.00,0.00,1.00,0.00,255,1,0.00,1.00,0.00,0.00,0.01,1.00,0.99,0.00
09:06:40,guess_passwd,0,tcp,ftp,SF,26,157,0,0,0,0,1,0,0,0,0,0,0,0,0,0,0,1,1,1,0.00,0.00,0.00,0.00,1.00,0.00,0.00,155,71,0.46,0.03,0.01,0.00,0.00,0.00,0.00,0.00
09:06:41,neptune,0,tcp,private,REJ,0,0,0,0,0,0,0,0,0,0,0,0,0,0,0,0,0,0,217,6,0.00,0.00,1.00,1.00,0.03,0.07,0.00,255,6,0.02,0.07,0.00,0.00,0.00,0.00,1.00,1.00
09:06:42,neptune,0,tcp,private,REJ,0,0,0,0,0,0,0,0,0,0,0,0,0,0,0,0,0,0,106,15,0.00,0.00,1.00,1.00,0.14,0.08,0.00,255,15,0.06,0.06,0.00,0.00,0.00,0.00,1.00,1.00
09:06:43,normal,1,tcp,smtp,SF,995,330,0,0,0,0,0,1,0,0,0,0,0,0,0,0,0,0,1,1,0.00,0.00,0.00,0.00,1.00,0.00,0.00,62,42,0.66,0.05,0.02,0.05,0.00,0.00,0.00,0.00
09:06:44,neptune,0,tcp,private,REJ,0,0,0,0,0,0,0,0,0,0,0,0,0,0,0,0,0,0,239,12,0.00,0.00,1.00,1.00,0.05,0.07,0.00,255,12,0.05,0.07,0.00,0.00,0.00,0.00,1.00,1.00
09:06:45,ps,31,tcp,telnet,SF,197,1608,0,0,0,1,0,1,1,0,0,1,2,1,0,0,0,0,1,1,0.00,0.00,0.00,0.00,1.00,0.00,0.00,248,32,0.13,0.03,0.00,0.00,0.00,0.00,0.00,0.00
09:06:46,normal,0,tcp,http,SF,197,1830,0,0,0,0,0,1,0,0,0,0,0,0,0,0,0,0,2,2,0.00,0.00,0.00,0.00,1.00,0.00,0.00,26,229,1.00,0.00,0.04,0.05,0.00,0.00,0.00,0.00
09:06:47,neptune,0,tcp,private,REJ,0,0,0,0,0,0,0,0,0,0,0,0,0,0,0,0,0,0,117,10,0.00,0.00,1.00,1.00,0.09,0.06,0.00,255,10,0.04,0.05,0.00,0.00,0.00,0.00,1.00,1.00
09:06:48,normal,0,tcp,http,SF,230,843,0,0,0,0,0,1,0,0,0,0,0,0,0,0,0,0,25,25,0.00,0.00,0.00,0.00,1.00,0.00,0.00,25,255,1.00,0.00,0.04,0.06,0.00,0.00,0.00,0.00
09:06:49,normal,0,tcp,http,SF,161,14086,0,0,0,0,0,1,0,0,0,0,0,0,0,0,0,0,1,1,0.00,0.00,0.00,0.00,1.00,0.00,0.00,151,151,1.00,0.00,0.01,0.00,0.00,0.00,0.00,0.00
09:06:50,neptune,0,tcp,private,REJ,0,0,0,0,0,0,0,0,0,0,0,0,0,0,0,0,0,0,228,15,0.00,0.00,1.00,1.00,0.07,0.07,0.00,255,15,0.06,0.08,0.00,0.00,0.00,0.00,1.00,1.00
09:06:51,processtable,8080,tcp,telnet,SF,0,15,0,0,0,0,0,0,0,0,0,0,0,0,0,0,0,0,1,1,0.00,0.00,0.00,0.00,1.00,0.00,0.00,255,69,0.27,0.03,0.00,0.00,0.00,0.01,0.11,0.19
09:06:52,processtable,8124,tcp,telnet,SF,0,15,0,0,0,0,0,0,0,0,0,0,0,0,0,0,0,0,1,1,0.00,0.00,0.00,0.00,1.00,0.00,0.00,255,60,0.24,0.04,0.00,0.00,0.00,0.02,0.11,0.22
09:06:53,normal,0,tcp,http,SF,224,278,0,0,0,0,0,1,0,0,0,0,0,0,0,0,0,0,3,5,0.00,0.00,0.00,0.00,1.00,0.00,0.40,255,255,1.00,0.00,0.00,0.00,0.00,0.00,0.00,0.00
09:06:54,neptune,0,tcp,private,S0,0,0,0,0,0,0,0,0,0,0,0,0,0,0,0,0,0,0,259,20,1.00,1.00,0.00,0.00,0.08,0.07,0.00,255,20,0.08,0.07,0.00,0.00,1.00,1.00,0.00,0.00
09:06:55,normal,0,tcp,http,SF,321,372,0,0,0,0,0,1,0,0,0,0,0,0,0,0,0,0,16,17,0.00,0.00,0.00,0.00,1.00,0.00,0.12,255,255,1.00,0.00,0.00,0.00,0.00,0.00,0.00,0.00
09:06:56,smurf,0,icmp,ecr_i,SF,1032,0,0,0,0,0,0,0,0,0,0,0,0,0,0,0,0,0,173,173,0.00,0.00,0.00,0.00,1.00,0.00,0.00,255,254,1.00,0.01,1.00,0.00,0.00,0.00,0.00,0.00
09:06:57,neptune,0,tcp,whois,REJ,0,0,0,0,0,0,0,0,0,0,0,0,0,0,0,0,0,0,282,17,0.00,0.00,1.00,1.00,0.06,0.06,0.00,255,17,0.07,0.07,0.00,0.00,0.00,0.00,1.00,1.00
09:06:58,snmpguess,0,udp,private,SF,48,0,0,0,0,0,0,0,0,0,0,0,0,0,0,0,0,0,5,5,0.00,0.00,0.00,0.00,1.00,0.00,0.00,255,254,1.00,0.01,0.00,0.00,0.00,0.00,0.00,0.00
09:06:59,normal,0,tcp,http,SF,303,289,0,0,0,0,0,1,0,0,0,0,0,0,0,0,0,0,6,11,0.00,0.00,0.00,0.00,1.00,0.00,0.36,30,255,1.00,0.00,0.03,0.01,0.00,0.00,0.00,0.00
09:07:00,smurf,0,icmp,ecr_i,SF,508,0,0,0,0,0,0,0,0,0,0,0,0,0,0,0,0,0,511,511,0.00,0.00,0.00,0.00,1.00,0.00,0.00,255,192,0.75,0.02,0.75,0.00,0.00,0.00,0.23,0.00
09:07:01,nmap,0,tcp,private,SH,0,0,0,0,0,0,0,0,0,0,0,0,0,0,0,0,0,0,1,1,1.00,1.00,0.00,0.00,1.00,0.00,0.00,80,1,0.01,1.00,1.00,0.00,1.00,1.00,0.00,0.00
09:07:02,neptune,0,tcp,private,REJ,0,0,0,0,0,0,0,0,0,0,0,0,0,0,0,0,0,0,132,12,0.00,0.00,1.00,1.00,0.09,0.05,0.00,255,12,0.05,0.06,0.00,0.00,0.00,0.00,1.00,1.00
09:07:03,normal,0,tcp,finger,SF,8,447,0,0,0,0,0,0,0,0,0,0,0,0,0,0,0,0,1,2,0.00,0.00,0.00,0.00,1.00,0.00,1.00,74,10,0.04,0.31,0.01,0.20,0.01,0.00,0.00,0.00
09:07:04,normal,0,udp,domain_u,SF,43,78,0,0,0,0,0,0,0,0,0,0,0,0,0,0,0,0,208,207,0.00,0.00,0.00,0.00,1.00,0.01,0.00,255,254,1.00,0.01,0.01,0.00,0.00,0.00,0.00,0.00
09:07:05,guess_passwd,0,tcp,telnet,SF,124,174,0,0,0,0,1,0,0,0,0,0,0,0,0,0,0,0,2,2,0.00,0.00,0.00,0.00,1.00,0.00,0.00,255,255,1.00,0.00,0.00,0.00,0.00,0.00,0.02,0.02
09:07:06,neptune,0,tcp,private,REJ,0,0,0,0,0,0,0,0,0,0,0,0,0,0,0,0,0,0,226,2,0.03,0.00,0.97,1.00,0.01,0.07,0.00,255,2,0.01,0.08,0.00,0.00,0.02,0.00,0.98,1.00
09:07:07,normal,0,tcp,http,SF,257,633,0,0,0,0,0,1,0,0,0,0,0,0,0,0,0,0,3,4,0.00,0.00,0.00,0.00,1.00,0.00,0.50,171,255,1.00,0.00,0.01,0.03,0.00,0.00,0.00,0.00
09:07:08,normal,0,udp,domain_u,SF,42,42,0,0,0,0,0,0,0,0,0,0,0,0,0,0,0,0,7,12,0.00,0.00,0.00,0.00,1.00,0.00,0.25,220,220,1.00,0.00,0.00,0.00,0.00,0.00,0.00,0.00
09:07:09,normal,0,udp,domain_u,SF,42,42,0,0,0,0,0,0,0,0,0,0,0,0,0,0,0,0,13,19,0.00,0.00,0.00,0.00,1.00,0.00,0.11,255,255,1.00,0.00,0.01,0.00,0.00,0.00,0.00,0.00
09:07:10,normal,0,tcp,http,SF,219,5881,0,0,0,0,0,1,0,0,0,0,0,0,0,0,0,0,1,49,0.00,0.00,0.00,0.00,1.00,0.00,0.12,1,255,1.00,0.00,1.00,0.03,0.00,0.00,0.00,0.00
09:07:11,processtable,0,tcp,telnet,S3,0,44,0,0,0,0,0,0,0,0,0,0,0,0,0,0,0,0,1,1,1.00,1.00,0.00,0.00,1.00,0.00,0.00,255,117,0.46,0.02,0.00,0.00,0.53,0.37,0.01,0.01
09:07:12,normal,0,tcp,http,SF,260,4027,0,0,0,0,0,1,0,0,0,0,0,0,0,0,0,0,11,11,0.00,0.00,0.00,0.00,1.00,0.00,0.00,105,255,1.00,0.00,0.01,0.02,0.00,0.00,0.00,0.00
09:07:13,processtable,7554,tcp,telnet,SF,0,44,0,0,0,0,0,0,0,0,0,0,0,0,0,0,0,0,1,1,0.00,0.00,0.00,0.00,1.00,0.00,0.00,255,169,0.66,0.31,0.00,0.00,0.50,0.75,0.31,0.01
09:07:14,normal,0,tcp,http,SF,357,247,0,0,0,0,0,1,0,0,0,0,0,0,0,0,0,0,1,3,0.00,0.00,0.00,0.00,1.00,0.00,0.67,131,255,1.00,0.00,0.01,0.03,0.00,0.00,0.00,0.00
09:07:15,neptune,0,tcp,private,REJ,0,0,0,0,0,0,0,0,0,0,0,0,0,0,0,0,0,0,218,19,0.00,0.00,1.00,1.00,0.09,0.06,0.00,255,19,0.07,0.07,0.00,0.00,0.00,0.00,1.00,1.00
09:07:16,snmpguess,0,udp,private,SF,43,0,0,0,0,0,0,0,0,0,0,0,0,0,0,0,0,0,1,1,0.00,0.00,0.00,0.00,1.00,0.00,0.00,255,254,1.00,0.01,0.00,0.00,0.00,0.00,0.00,0.00
09:07:17,mscan,0,tcp,imap4,RSTO,0,44,0,0,0,0,0,0,0,0,0,0,0,0,0,0,0,0,3,3,0.00,0.00,0.67,1.00,0.33,0.67,1.00,186,59,0.24,0.03,0.01,0.03,0.00,0.00,0.90,0.98
09:07:18,normal,0,tcp,http,SF,218,287,0,0,0,0,0,1,0,0,0,0,0,0,0,0,0,0,15,15,0.00,0.00,0.00,0.00,1.00,0.00,0.00,255,255,1.00,0.00,0.00,0.00,0.00,0.00,0.00,0.00
09:07:19,normal,0,tcp,http,SF,290,2267,0,0,0,0,0,1,0,0,0,0,0,0,0,0,0,0,4,5,0.00,0.00,0.00,0.00,1.00,0.00,0.40,11,254,1.00,0.00,0.09,0.03,0.00,0.00,0.00,0.00
09:07:20,normal,0,udp,domain_u,SF,42,42,0,0,0,0,0,0,0,0,0,0,0,0,0,0,0,0,4,5,0.00,0.00,0.00,0.00,1.00,0.00,0.40,255,252,0.99,0.01,0.00,0.00,0.00,0.00,0.00,0.00
09:07:21,neptune,0,tcp,private,REJ,0,0,0,0,0,0,0,0,0,0,0,0,0,0,0,0,0,0,131,5,0.00,0.00,1.00,1.00,0.04,0.06,0.00,255,5,0.02,0.05,0.00,0.00,0.00,0.00,1.00,1.00
09:07:22,neptune,0,tcp,private,REJ,0,0,0,0,0,0,0,0,0,0,0,0,0,0,0,0,0,0,269,7,0.00,0.00,1.00,1.00,0.03,0.07,0.00,255,7,0.03,0.07,0.00,0.00,0.00,0.00,1.00,1.00
09:07:23,apache2,2079,tcp,http,RSTR,72564,0,0,0,0,0,0,1,0,0,0,0,0,0,0,0,0,0,11,11,0.00,0.00,1.00,1.00,1.00,0.00,0.00,255,237,0.93,0.01,0.00,0.00,0.00,0.00,0.17,0.18
09:07:24,ipsweep,0,icmp,eco_i,SF,8,0,0,0,0,0,0,0,0,0,0,0,0,0,0,0,0,0,1,14,0.00,0.00,0.00,0.00,1.00,0.00,1.00,2,98,1.00,0.00,1.00,0.50,0.00,0.00,0.00,0.00
09:07:25,mscan,0,tcp,telnet,S0,0,0,0,0,0,0,0,0,0,0,0,0,0,0,0,0,0,0,1,9,1.00,0.11,0.00,0.44,1.00,0.00,0.56,160,85,0.34,0.02,0.01,0.02,1.00,1.00,0.00,0.00
09:07:26,neptune,0,tcp,private,REJ,0,0,0,0,0,0,0,0,0,0,0,0,0,0,0,0,0,0,109,5,0.00,0.00,1.00,1.00,0.05,0.06,0.00,255,5,0.02,0.06,0.00,0.00,0.00,0.00,1.00,1.00
09:07:27,normal,0,tcp,http,SF,244,8745,0,0,0,0,0,1,0,0,0,0,0,0,0,0,0,0,4,4,0.00,0.00,0.00,0.00,1.00,0.00,0.00,206,255,1.00,0.00,0.00,0.01,0.00,0.00,0.00,0.00
09:07:28,processtable,7466,tcp,telnet,SF,0,44,0,0,0,0,0,0,0,0,0,0,0,0,0,0,0,0,1,1,0.00,0.00,0.00,0.00,1.00,0.00,0.00,255,191,0.75,0.24,0.00,0.00,0.50,0.66,0.24,0.01
09:07:29,guess_passwd,0,tcp,telnet,RSTO,124,188,0,0,0,0,1,0,0,0,0,0,0,0,0,0,0,0,1,1,0.00,0.00,1.00,1.00,1.00,0.00,0.00,255,254,1.00,0.01,0.00,0.00,0.01,0.01,0.02,0.02
09:07:30,neptune,0,tcp,private,S0,0,0,0,0,0,0,0,0,0,0,0,0,0,0,0,0,0,0,200,8,1.00,1.00,0.00,0.00,0.04,0.06,0.00,255,8,0.03,0.07,0.00,0.00,1.00,1.00,0.00,0.00
09:07:31,pod,0,icmp,ecr_i,SF,1480,0,0,1,0,0,0,0,0,0,0,0,0,0,0,0,0,0,1,3,0.00,0.00,0.00,0.00,1.00,0.00,0.67,90,23,0.01,1.00,0.01,0.52,0.99,0.00,0.00,0.00
09:07:32,mailbomb,1,tcp,smtp,SF,2599,293,0,0,0,0,0,1,0,0,0,0,0,0,0,0,0,0,3,3,0.00,0.00,0.00,0.00,1.00,0.00,0.00,255,203,0.80,0.13,0.00,0.00,0.00,0.00,0.19,0.00
09:07:34,normal,0,tcp,http,SF,226,651,0,0,0,0,0,1,0,0,0,0,0,0,0,0,0,0,19,21,0.00,0.00,0.00,0.00,1.00,0.00,0.10,166,255,1.00,0.00,0.01,0.04,0.00,0.00,0.00,0.00
09:07:35,neptune,0,tcp,private,REJ,0,0,0,0,0,0,0,0,0,0,0,0,0,0,0,0,0,0,267,11,0.00,0.00,1.00,1.00,0.04,0.06,0.00,255,11,0.04,0.07,0.00,0.00,0.00,0.00,1.00,1.00
09:07:36,processtable,8169,tcp,telnet,SF,0,15,0,0,0,0,0,0,0,0,0,0,0,0,0,0,0,0,1,1,0.00,0.00,0.00,0.00,1.00,0.00,0.00,255,19,0.07,0.82,0.00,0.00,0.00,0.00,0.80,0.00
09:07:37,neptune,0,tcp,mtp,REJ,0,0,0,0,0,0,0,0,0,0,0,0,0,0,0,0,0,0,286,18,0.00,0.00,1.00,1.00,0.06,0.06,0.00,255,18,0.07,0.06,0.00,0.00,0.00,0.00,1.00,1.00
09:07:38,neptune,0,tcp,netbios_ns,S0,0,0,0,0,0,0,0,0,0,0,0,0,0,0,0,0,0,0,179,19,1.00,1.00,0.00,0.00,0.11,0.08,0.00,255,19,0.07,0.08,0.00,0.00,1.00,1.00,0.00,0.00
09:07:39,neptune,0,tcp,private,S0,0,0,0,0,0,0,0,0,0,0,0,0,0,0,0,0,0,0,203,14,1.00,1.00,0.00,0.00,0.07,0.06,0.00,255,14,0.05,0.07,0.00,0.00,1.00,1.00,0.00,0.00
09:07:40,neptune,0,tcp,private,REJ,0,0,0,0,0,0,0,0,0,0,0,0,0,0,0,0,0,0,273,3,0.00,0.00,1.00,1.00,0.01,0.06,0.00,255,3,0.01,0.06,0.00,0.00,0.00,0.00,1.00,1.00
09:07:41,neptune,0,tcp,systat,S0,0,0,0,0,0,0,0,0,0,0,0,0,0,0,0,0,0,0,239,20,1.00,1.00,0.00,0.00,0.08,0.07,0.00,255,20,0.08,0.08,0.00,0.00,1.00,1.00,0.00,0.00
09:07:42,satan,0,tcp,other,REJ,0,0,0,0,0,0,0,0,0,0,0,0,0,0,0,0,0,0,461,1,0.08,0.00,0.92,1.00,0.00,1.00,0.00,255,1,0.00,1.00,0.00,0.00,0.04,0.00,0.96,1.00
09:07:43,neptune,0,tcp,private,RSTO,0,0,0,0,0,0,0,0,0,0,0,0,0,0,0,0,0,0,198,1,0.00,0.00,1.00,1.00,0.01,0.07,0.00,255,1,0.00,0.07,0.00,0.00,0.00,0.00,1.00,1.00
09:07:44,warezmaster,282,tcp,ftp,SF,162,601,0,0,0,2,0,1,0,0,0,0,0,0,0,0,0,1,1,1,0.00,0.00,0.00,0.00,1.00,0.00,0.00,255,43,0.17,0.03,0.00,0.00,0.27,0.00,0.02,0.00
09:07:45,neptune,0,tcp,imap4,S0,0,0,0,0,0,0,0,0,0,0,0,0,0,0,0,0,0,0,110,9,1.00,1.00,0.00,0.00,0.08,0.07,0.00,255,9,0.04,0.06,0.00,0.00,1.00,1.00,0.00,0.00
09:07:46,neptune,0,tcp,private,S0,0,0,0,0,0,0,0,0,0,0,0,0,0,0,0,0,0,0,216,7,1.00,1.00,0.00,0.00,0.03,0.06,0.00,255,7,0.03,0.07,0.00,0.00,1.00,1.00,0.00,0.00
09:07:47,warezmaster,281,tcp,ftp,SF,158,595,0,0,0,2,0,1,0,0,0,0,0,0,0,0,0,1,1,1,0.00,0.00,0.00,0.00,1.00,0.00,0.00,255,4,0.02,0.21,0.00,0.00,0.00,0.00,0.20,0.00
09:07:48,normal,0,tcp,http,SF,313,8558,0,0,0,0,0,1,0,0,0,0,0,0,0,0,0,0,8,19,0.00,0.00,0.00,0.00,1.00,0.00,0.26,72,255,1.00,0.00,0.01,0.04,0.00,0.00,0.00,0.00
09:07:49,neptune,0,tcp,private,S0,0,0,0,0,0,0,0,0,0,0,0,0,0,0,0,0,0,0,158,5,1.00,1.00,0.00,0.00,0.03,0.11,0.00,255,5,0.02,0.10,0.00,0.00,1.00,1.00,0.00,0.00
09:07:50,processtable,7526,tcp,telnet,SF,0,44,0,0,0,0,0,0,0,0,0,0,0,0,0,0,0,0,1,1,0.00,0.00,0.00,0.00,1.00,0.00,0.00,255,187,0.73,0.02,0.00,0.00,0.39,0.39,0.01,0.01
09:07:51,normal,0,tcp,http,SF,285,26746,0,0,0,0,0,1,0,0,0,0,0,0,0,0,0,0,2,3,0.00,0.00,0.00,0.00,1.00,0.00,0.67,67,255,1.00,0.00,0.01,0.04,0.01,0.00,0.00,0.00
09:07:52,neptune,0,tcp,private,REJ,0,0,0,0,0,0,0,0,0,0,0,0,0,0,0,0,0,0,242,2,0.00,0.00,1.00,1.00,0.01,0.07,0.00,255,2,0.01,0.06,0.00,0.00,0.00,0.00,1.00,1.00
09:07:53,neptune,0,tcp,private,REJ,0,0,0,0,0,0,0,0,0,0,0,0,0,0,0,0,0,0,272,14,0.00,0.00,1.00,1.00,0.05,0.06,0.00,255,14,0.05,0.06,0.00,0.00,0.00,0.00,1.00,1.00
09:07:54,apache2,2079,tcp,http,RSTR,69644,0,0,0,0,0,0,1,0,0,0,0,0,0,0,0,0,0,12,12,0.00,0.00,1.00,1.00,1.00,0.00,0.00,255,237,0.93,0.01,0.00,0.00,0.00,0.00,0.17,0.19
09:07:55,normal,0,tcp,http,SF,293,771,0,0,0,0,0,1,0,0,0,0,0,0,0,0,0,0,10,35,0.00,0.00,0.00,0.00,1.00,0.00,0.14,255,255,1.00,0.00,0.00,0.00,0.00,0.00,0.00,0.00
09:07:56,satan,0,tcp,private,REJ,0,0,0,0,0,0,0,0,0,0,0,0,0,0,0,0,0,0,510,1,0.01,0.00,0.96,1.00,0.00,1.00,0.00,255,1,0.00,1.00,0.00,0.00,0.02,0.00,0.97,1.00
09:07:57,saint,0,tcp,other,REJ,0,0,0,0,0,0,0,0,0,0,0,0,0,0,0,0,0,0,444,1,0.05,0.00,0.95,1.00,0.00,1.00,0.00,255,1,0.00,1.00,0.00,0.00,0.04,0.00,0.96,1.00
09:07:58,guess_passwd,0,tcp,telnet,SF,121,174,0,0,0,0,1,0,0,0,0,0,0,0,0,0,0,0,1,1,0.00,0.00,0.00,0.00,1.00,0.00,0.00,255,120,0.47,0.02,0.00,0.00,0.00,0.00,0.01,0.03
09:07:59,normal,1,tcp,smtp,SF,4030,332,0,0,0,0,0,1,0,0,0,0,0,0,1,0,0,0,1,3,0.00,0.00,0.00,0.00,1.00,0.00,1.00,149,102,0.56,0.03,0.01,0.02,0.00,0.00,0.00,0.00
09:08:00,smurf,0,icmp,ecr_i,SF,508,0,0,0,0,0,0,0,0,0,0,0,0,0,0,0,0,0,321,321,0.00,0.00,0.00,0.00,1.00,0.00,0.00,255,255,1.00,0.00,1.00,0.00,0.00,0.00,0.00,0.00
09:08:01,normal,0,udp,domain_u,SF,44,44,0,0,0,0,0,0,0,0,0,0,0,0,0,0,0,0,120,200,0.00,0.00,0.00,0.00,1.00,0.00,0.01,255,255,1.00,0.00,0.01,0.00,0.00,0.00,0.00,0.00
09:08:02,normal,0,tcp,http,SF,274,11522,0,0,0,0,0,1,0,0,0,0,0,0,0,0,0,0,1,2,0.00,0.00,0.00,0.00,1.00,0.00,1.00,1,255,1.00,0.00,1.00,0.03,0.00,0.00,0.00,0.00
09:08:03,normal,0,tcp,http,SF,205,398,0,0,0,0,0,1,0,0,0,0,0,0,0,0,0,0,20,20,0.00,0.00,0.00,0.00,1.00,0.00,0.00,255,255,1.00,0.00,0.00,0.00,0.00,0.00,0.00,0.00
09:08:04,normal,0,udp,domain_u,SF,44,44,0,0,0,0,0,0,0,0,0,0,0,0,0,0,0,0,139,139,0.00,0.00,0.00,0.00,1.00,0.00,0.00,255,254,1.00,0.01,0.00,0.00,0.00,0.00,0.00,0.00
09:08:05,guess_passwd,4,tcp,pop_3,SF,26,93,0,0,0,0,0,1,0,0,0,0,0,0,0,0,0,0,1,1,0.00,0.00,0.00,0.00,1.00,0.00,0.00,255,246,0.96,0.02,0.00,0.00,0.00,0.00,0.01,0.00
09:08:06,neptune,0,tcp,private,REJ,0,0,0,0,0,0,0,0,0,0,0,0,0,0,0,0,0,0,148,1,0.00,0.00,1.00,1.00,0.01,0.06,0.00,255,1,0.00,0.06,0.00,0.00,0.00,0.00,1.00,1.00
09:08:07,neptune,0,tcp,link,REJ,0,0,0,0,0,0,0,0,0,0,0,0,0,0,0,0,0,0,233,17,0.00,0.00,1.00,1.00,0.07,0.06,0.00,255,17,0.07,0.07,0.00,0.00,0.00,0.00,1.00,1.00
09:08:08,normal,0,udp,domain_u,SF,45,45,0,0,0,0,0,0,0,0,0,0,0,0,0,0,0,0,205,204,0.00,0.00,0.00,0.00,1.00,0.01,0.00,255,254,1.00,0.01,0.00,0.00,0.00,0.00,0.00,0.00
09:08:09,neptune,0,tcp,private,REJ,0,0,0,0,0,0,0,0,0,0,0,0,0,0,0,0,0,0,139,17,0.00,0.00,1.00,1.00,0.12,0.06,0.00,255,17,0.07,0.06,0.00,0.00,0.00,0.00,1.00,1.00
09:08:10,normal,0,tcp,http,SF,389,1071,0,0,0,0,0,1,0,0,0,0,0,0,0,0,0,0,11,12,0.00,0.00,0.00,0.00,1.00,0.00,0.17,255,255,1.00,0.00,0.00,0.00,0.00,0.00,0.00,0.00
09:08:11,processtable,7510,tcp,telnet,SF,0,44,0,0,0,0,0,0,0,0,0,0,0,0,0,0,0,0,1,1,0.00,0.00,0.00,0.00,1.00,0.00,0.00,255,190,0.75,0.02,0.00,0.00,0.38,0.38,0.01,0.01
09:08:12,neptune,0,tcp,finger,RSTO,0,0,0,0,0,0,0,0,0,0,0,0,0,0,0,0,0,0,200,13,0.00,0.00,1.00,1.00,0.06,0.06,0.00,255,13,0.05,0.07,0.00,0.00,0.00,0.00,1.00,1.00
09:08:13,normal,0,tcp,smtp,SF,22568,337,0,0,0,0,0,1,0,0,0,0,0,0,0,0,0,0,1,2,0.00,0.00,0.00,0.00,1.00,0.00,1.00,100,178,0.77,0.04,0.01,0.01,0.00,0.00,0.00,0.00
09:08:14,normal,0,tcp,http,SF,321,3413,0,0,0,0,0,1,0,0,0,0,0,0,0,0,0,0,6,9,0.00,0.00,0.00,0.00,1.00,0.00,0.33,64,255,1.00,0.00,0.02,0.02,0.00,0.00,0.00,0.00
09:08:15,normal,0,udp,domain_u,SF,44,44,0,0,0,0,0,0,0,0,0,0,0,0,0,0,0,0,2,3,0.00,0.00,0.00,0.00,1.00,0.00,0.67,255,240,0.94,0.01,0.01,0.00,0.00,0.00,0.04,0.00
09:08:16,normal,27,tcp,ftp,SF,360,1172,0,0,0,7,0,1,0,0,0,0,0,0,0,0,0,1,1,1,0.00,0.00,0.00,0.00,1.00,0.00,0.00,255,89,0.35,0.02,0.00,0.00,0.00,0.00,0.01,0.00
09:08:17,guess_passwd,0,tcp,ftp,SF,26,157,0,0,0,0,1,0,0,0,0,0,0,0,0,0,0,1,1,1,0.00,0.00,0.00,0.00,1.00,0.00,0.00,218,107,0.49,0.03,0.00,0.00,0.00,0.00,0.00,0.00
09:08:18,neptune,0,tcp,Z39_50,REJ,0,0,0,0,0,0,0,0,0,0,0,0,0,0,0,0,0,0,209,4,0.00,0.00,1.00,1.00,0.02,0.07,0.00,255,4,0.02,0.08,0.00,0.00,0.00,0.00,1.00,1.00
09:08:19,snmpgetattack,0,udp,private,SF,105,146,0,0,0,0,0,0,0,0,0,0,0,0,0,0,0,0,1,1,0.00,0.00,0.00,0.00,1.00,0.00,0.00,192,191,0.99,0.01,0.01,0.00,0.00,0.00,0.00,0.00
09:08:20,mscan,1,tcp,telnet,RSTO,0,15,0,0,0,0,0,0,0,0,0,0,0,0,0,0,0,0,1,7,0.00,0.00,1.00,0.57,1.00,0.00,0.57,96,87,0.34,0.05,0.01,0.02,0.00,0.00,0.90,0.70
09:08:21,normal,0,tcp,http,SF,217,668,0,0,0,0,0,1,0,0,0,0,0,0,0,0,0,0,7,14,0.00,0.00,0.00,0.00,1.00,0.00,0.14,9,231,1.00,0.00,0.11,0.06,0.00,0.00,0.00,0.00
09:08:22,apache2,0,tcp,http,S0,0,0,0,0,0,0,0,0,0,0,0,0,0,0,0,0,0,0,110,110,1.00,1.00,0.00,0.00,1.00,0.00,0.00,255,255,1.00,0.00,0.00,0.00,0.65,0.65,0.32,0.32
09:08:23,normal,0,tcp,http,SF,197,6356,0,0,0,0,0,1,0,0,0,0,0,0,0,0,0,0,18,19,0.00,0.00,0.00,0.00,1.00,0.00,0.11,255,255,1.00,0.00,0.00,0.00,0.00,0.00,0.00,0.00
09:08:24,normal,0,tcp,http,SF,280,303,0,0,0,0,0,1,0,0,0,0,0,0,0,0,0,0,2,2,0.00,0.00,0.00,0.00,1.00,0.00,0.00,255,250,0.98,0.01,0.00,0.00,0.00,0.00,0.00,0.00
09:08:25,satan,0,tcp,other,REJ,0,0,0,0,0,0,0,0,0,0,0,0,0,0,0,0,0,0,445,1,0.09,0.00,0.91,1.00,0.00,1.00,0.00,255,1,0.00,1.00,0.00,0.00,0.03,0.00,0.97,1.00
09:08:26,neptune,0,tcp,whois,REJ,0,0,0,0,0,0,0,0,0,0,0,0,0,0,0,0,0,0,217,9,0.00,0.00,1.00,1.00,0.04,0.07,0.00,255,9,0.04,0.07,0.00,0.00,0.00,0.00,1.00,1.00
09:08:27,processtable,0,tcp,telnet,S3,0,44,0,0,0,0,0,0,0,0,0,0,0,0,0,0,0,0,1,1,1.00,1.00,0.00,0.00,1.00,0.00,0.00,255,141,0.55,0.41,0.00,0.00,0.44,0.80,0.40,0.01
09:08:28,normal,0,tcp,http,SF,353,1203,0,0,0,0,0,1,0,0,0,0,0,0,0,0,0,0,4,4,0.00,0.00,0.00,0.00,1.00,0.00,0.00,255,255,1.00,0.00,0.00,0.00,0.00,0.00,0.00,0.00
09:08:29,normal,0,tcp,http,SF,245,351,0,0,0,0,0,1,0,0,0,0,0,0,0,0,0,0,13,20,0.00,0.00,0.00,0.00,1.00,0.00,0.10,254,255,1.00,0.00,0.00,0.01,0.00,0.00,0.00,0.00
09:08:30,apache2,2069,tcp,http,RSTR,72564,0,0,0,0,0,0,1,0,0,0,0,0,0,0,0,0,0,8,8,0.00,0.00,1.00,1.00,1.00,0.00,0.00,255,244,0.96,0.01,0.00,0.00,0.02,0.02,0.47,0.49
09:08:31,warezmaster,0,tcp,ftp_data,SF,12,0,0,0,0,0,0,0,0,0,0,0,0,0,0,0,0,0,1,1,0.00,0.00,0.00,0.00,1.00,0.00,0.00,7,7,1.00,0.00,1.00,0.00,0.00,0.00,0.00,0.00
09:08:32,normal,0,tcp,http,SF,326,3942,0,0,0,0,0,1,0,0,0,0,0,0,0,0,0,0,11,34,0.00,0.00,0.00,0.00,1.00,0.00,0.06,32,255,1.00,0.00,0.03,0.05,0.00,0.00,0.00,0.00
09:08:33,normal,0,tcp,http,SF,276,1183,0,0,0,0,0,1,0,0,0,0,0,0,0,0,0,0,3,3,0.00,0.00,0.00,0.00,1.00,0.00,0.00,47,172,1.00,0.00,0.02,0.02,0.00,0.00,0.00,0.00
09:08:34,normal,0,udp,private,SF,105,0,0,0,0,0,0,0,0,0,0,0,0,0,0,0,0,0,1,1,0.00,0.00,0.00,0.00,1.00,0.00,0.00,52,51,0.98,0.04,0.02,0.00,0.00,0.00,0.00,0.00
09:08:35,smurf,0,icmp,ecr_i,SF,1008,0,0,0,0,0,0,0,0,0,0,0,0,0,0,0,0,0,70,70,0.00,0.00,0.00,0.00,1.00,0.00,0.00,255,255,1.00,0.00,1.00,0.00,0.00,0.00,0.00,0.00
09:08:36,normal,0,tcp,http,SF,283,3160,0,0,0,0,0,1,0,0,0,0,0,0,0,0,0,0,26,26,0.00,0.00,0.00,0.00,1.00,0.00,0.00,255,255,1.00,0.00,0.00,0.00,0.00,0.00,0.00,0.00
09:08:37,normal,0,udp,domain_u,SF,33,0,0,0,0,0,0,0,0,0,0,0,0,0,0,0,0,0,1,2,0.00,0.00,0.00,0.00,1.00,0.00,1.00,255,11,0.04,0.03,0.04,0.00,0.00,0.00,0.02,0.00
09:08:38,normal,0,tcp,http,SF,227,1699,0,0,0,0,0,1,0,0,0,0,0,0,0,0,0,0,7,7,0.00,0.00,0.00,0.00,1.00,0.00,0.00,7,255,1.00,0.00,0.14,0.01,0.00,0.00,0.00,0.00
09:08:39,snmpguess,0,udp,private,SF,43,0,0,0,0,0,0,0,0,0,0,0,0,0,0,0,0,0,2,2,0.00,0.00,0.00,0.00,1.00,0.00,0.00,255,255,1.00,0.00,0.01,0.00,0.00,0.00,0.00,0.00
09:08:40,normal,0,tcp,http,SF,211,14210,0,0,0,0,0,1,0,0,0,0,0,0,0,0,0,0,13,13,0.00,0.00,0.00,0.00,1.00,0.00,0.00,30,255,1.00,0.00,0.03,0.05,0.00,0.00,0.00,0.00
09:08:41,normal,0,tcp,http,SF,230,327,0,0,0,0,0,1,0,0,0,0,0,0,0,0,0,0,11,21,0.00,0.00,0.00,0.00,1.00,0.00,0.14,218,255,1.00,0.00,0.00,0.01,0.00,0.00,0.00,0.00
09:08:42,normal,0,udp,private,SF,53,50,0,0,0,0,0,0,0,0,0,0,0,0,0,0,0,0,325,325,0.00,0.00,0.00,0.00,1.00,0.00,0.00,255,255,1.00,0.00,0.93,0.00,0.00,0.00,0.00,0.00
09:08:43,neptune,0,tcp,private,REJ,0,0,0,0,0,0,0,0,0,0,0,0,0,0,0,0,0,0,195,3,0.00,0.00,1.00,1.00,0.02,0.07,0.00,255,3,0.01,0.07,0.00,0.00,0.00,0.00,1.00,1.00
09:08:44,normal,0,tcp,http,SF,258,2007,0,0,0,0,0,1,0,0,0,0,0,0,0,0,0,0,10,10,0.00,0.00,0.00,0.00,1.00,0.00,0.00,71,255,1.00,0.00,0.01,0.03,0.00,0.00,0.00,0.00
09:08:45,back,0,tcp,http,SF,54540,8314,0,0,0,2,0,1,1,0,0,0,0,0,0,0,0,0,4,6,0.00,0.00,0.00,0.00,1.00,0.00,0.50,255,254,1.00,0.01,0.00,0.00,0.00,0.00,0.07,0.07
09:08:46,normal,0,tcp,http,SF,276,1973,0,0,0,0,0,1,0,0,0,0,0,0,0,0,0,0,34,34,0.00,0.00,0.00,0.00,1.00,0.00,0.00,255,255,1.00,0.00,0.00,0.00,0.01,0.01,0.00,0.00
09:08:47,neptune,0,tcp,private,S0,0,0,0,0,0,0,0,0,0,0,0,0,0,0,0,0,0,0,148,11,1.00,1.00,0.00,0.00,0.07,0.05,0.00,58,11,0.19,0.09,0.02,0.00,1.00,1.00,0.00,0.00
09:08:48,normal,0,udp,domain_u,SF,44,71,0,0,0,0,0,0,0,0,0,0,0,0,0,0,0,0,178,177,0.00,0.00,0.00,0.00,0.99,0.01,0.00,255,254,1.00,0.01,0.01,0.00,0.00,0.00,0.00,0.00
09:08:49,normal,0,tcp,http,SF,234,773,0,0,0,0,0,1,0,0,0,0,0,0,0,0,0,0,38,38,0.00,0.00,0.00,0.00,1.00,0.00,0.00,255,255,1.00,0.00,0.00,0.00,0.00,0.00,0.00,0.00
09:08:50,normal,0,udp,private,SF,53,53,0,0,0,0,0,0,0,0,0,0,0,0,0,0,0,0,511,511,0.00,0.00,0.00,0.00,1.00,0.00,0.00,255,255,1.00,0.00,0.78,0.00,0.00,0.00,0.00,0.00
09:08:51,mscan,0,tcp,sunrpc,REJ,0,0,0,0,0,0,0,0,0,0,0,0,0,0,0,0,0,0,1,3,0.00,0.00,1.00,1.00,1.00,0.00,1.00,255,11,0.04,0.03,0.00,0.00,0.00,0.00,0.22,1.00
09:08:52,warezmaster,0,tcp,ftp_data,SF,12,0,0,0,0,0,0,0,0,0,0,0,0,0,0,0,0,0,1,1,0.00,0.00,0.00,0.00,1.00,0.00,0.00,8,7,0.88,0.25,0.88,0.00,0.00,0.00,0.00,0.00
09:08:53,normal,0,tcp,http,SF,306,55311,0,0,0,1,0,1,0,1,0,0,0,0,0,0,0,0,6,9,0.00,0.00,0.00,0.00,1.00,0.00,0.22,255,255,1.00,0.00,0.00,0.00,0.00,0.00,0.00,0.00
09:08:54,neptune,0,tcp,auth,REJ,0,0,0,0,0,0,0,0,0,0,0,0,0,0,0,0,0,0,202,10,0.00,0.00,1.00,1.00,0.05,0.06,0.00,255,10,0.04,0.06,0.00,0.00,0.00,0.00,1.00,1.00
09:08:55,pod,0,icmp,ecr_i,SF,1480,0,0,1,0,0,0,0,0,0,0,0,0,0,0,0,0,0,1,3,0.00,0.00,0.00,0.00,1.00,0.00,0.67,1,39,1.00,0.00,1.00,0.51,0.00,0.00,0.00,0.00
09:08:56,apache2,0,tcp,http,S0,0,0,0,0,0,0,0,0,0,0,0,0,0,0,0,0,0,0,35,35,0.26,0.26,0.74,0.74,1.00,0.00,0.00,255,255,1.00,0.00,0.00,0.00,0.05,0.05,0.68,0.68
09:08:57,normal,0,udp,private,SF,53,50,0,0,0,0,0,0,0,0,0,0,0,0,0,0,0,0,505,505,0.00,0.00,0.00,0.00,1.00,0.00,0.00,255,255,1.00,0.00,0.85,0.00,0.00,0.00,0.00,0.00
09:08:58,apache2,902,tcp,http,RSTR,57964,0,0,0,0,0,0,1,0,0,0,0,0,0,0,0,0,0,42,42,0.02,0.02,0.95,0.95,1.00,0.00,0.00,255,255,1.00,0.00,0.00,0.00,0.00,0.00,0.16,0.16
09:08:59,mscan,0,tcp,telnet,SF,0,0,0,0,0,0,0,0,0,0,0,0,0,0,0,0,0,0,1,2,0.00,0.50,0.00,0.00,1.00,0.00,1.00,255,128,0.50,0.01,0.00,0.00,0.00,0.00,0.65,0.31
09:09:00,normal,1,tcp,smtp,SF,1376,343,0,0,0,0,0,1,0,0,0,0,0,0,0,0,0,0,1,2,0.00,0.00,0.00,0.00,1.00,0.00,1.00,96,65,0.68,0.04,0.01,0.00,0.00,0.00,0.00,0.00
09:09:01,normal,0,udp,domain_u,SF,44,44,0,0,0,0,0,0,0,0,0,0,0,0,0,0,0,0,80,160,0.00,0.00,0.00,0.00,1.00,0.00,0.01,255,254,1.00,0.01,0.01,0.00,0.00,0.00,0.00,0.00
09:09:02,apache2,0,tcp,http,S0,0,0,0,0,0,0,0,0,0,0,0,0,0,0,0,0,0,0,29,29,0.79,0.79,0.17,0.17,1.00,0.00,0.00,255,255,1.00,0.00,0.00,0.00,0.14,0.14,0.70,0.70
09:09:03,neptune,0,tcp,private,REJ,0,0,0,0,0,0,0,0,0,0,0,0,0,0,0,0,0,0,124,12,0.00,0.00,1.00,1.00,0.10,0.07,0.00,255,12,0.05,0.06,0.00,0.00,0.00,0.00,1.00,1.00
09:09:04,neptune,0,tcp,private,S0,0,0,0,0,0,0,0,0,0,0,0,0,0,0,0,0,0,0,117,11,1.00,1.00,0.00,0.00,0.09,0.07,0.00,255,11,0.04,0.06,0.00,0.00,1.00,1.00,0.00,0.00
09:09:05,normal,0,tcp,http,SF,175,1724,0,0,0,0,0,1,0,0,0,0,0,0,0,0,0,0,1,15,0.00,0.00,0.00,0.00,1.00,0.00,0.13,255,210,0.82,0.07,0.00,0.00,0.01,0.00,0.13,0.00
09:09:06,warezmaster,282,tcp,ftp,SF,164,599,0,0,0,2,0,1,0,0,0,0,0,0,0,0,0,1,1,1,0.00,0.00,0.00,0.00,1.00,0.00,0.00,255,16,0.06,0.79,0.00,0.00,0.00,0.00,0.77,0.00
09:09:07,neptune,0,tcp,private,S0,0,0,0,0,0,0,0,0,0,0,0,0,0,0,0,0,0,0,224,2,1.00,1.00,0.00,0.00,0.01,0.07,0.00,255,2,0.01,0.07,0.00,0.00,1.00,1.00,0.00,0.00
09:09:08,neptune,0,tcp,netbios_dgm,S0,0,0,0,0,0,0,0,0,0,0,0,0,0,0,0,0,0,0,234,2,1.00,1.00,0.00,0.00,0.01,0.07,0.00,255,2,0.01,0.07,0.00,0.00,1.00,1.00,0.00,0.00
09:09:09,normal,0,tcp,http,SF,342,665,0,0,0,0,0,1,0,0,0,0,0,0,0,0,0,0,9,10,0.00,0.00,0.00,0.00,1.00,0.00,0.20,33,255,1.00,0.00,0.06,0.05,0.00,0.00,0.00,0.00
09:09:10,normal,1,tcp,smtp,SF,1500,332,0,0,0,0,0,1,0,0,0,0,0,0,0,0,0,0,1,3,0.00,0.00,0.00,0.00,1.00,0.00,1.00,193,218,0.82,0.03,0.01,0.01,0.00,0.00,0.00,0.00
09:09:11,normal,0,tcp,smtp,SF,1710,366,0,0,0,0,0,1,0,0,0,0,0,0,0,0,0,0,1,3,0.00,0.00,0.00,0.00,1.00,0.00,1.00,255,142,0.56,0.02,0.00,0.00,0.00,0.00,0.00,0.00
09:09:12,guess_passwd,4,tcp,pop_3,SF,28,93,0,0,0,0,0,1,0,0,0,0,0,0,0,0,0,0,1,1,0.00,0.00,0.00,0.00,1.00,0.00,0.00,146,129,0.88,0.02,0.01,0.02,0.00,0.00,0.07,0.00
09:09:13,normal,0,tcp,http,SF,140,4267,0,0,0,0,0,1,0,0,0,0,0,0,0,0,0,0,1,2,0.00,0.00,0.00,0.00,1.00,0.00,1.00,1,255,1.00,0.00,1.00,0.04,0.00,0.00,0.00,0.00
09:09:14,neptune,0,tcp,private,S0,0,0,0,0,0,0,0,0,0,0,0,0,0,0,0,0,0,0,189,17,1.00,1.00,0.00,0.00,0.09,0.08,0.00,255,17,0.07,0.08,0.00,0.00,1.00,1.00,0.00,0.00
09:09:15,satan,0,tcp,other,REJ,0,0,0,0,0,0,0,0,0,0,0,0,0,0,0,0,0,0,509,1,0.14,0.00,0.86,1.00,0.00,1.00,0.00,255,1,0.00,0.98,0.00,0.00,0.12,0.00,0.88,1.00
09:09:16,mscan,0,tcp,telnet,S0,0,0,0,0,0,0,0,0,0,0,0,0,0,0,0,0,0,0,1,6,1.00,0.33,0.00,0.33,1.00,0.00,0.67,7,3,0.43,0.43,0.14,0.00,1.00,1.00,0.00,0.00
09:09:17,normal,0,tcp,http,SF,245,4461,0,0,0,0,0,1,0,0,0,0,0,0,0,0,0,0,9,9,0.00,0.00,0.00,0.00,1.00,0.00,0.00,222,255,1.00,0.00,0.01,0.01,0.00,0.00,0.00,0.00
09:09:18,warezmaster,281,tcp,ftp,SF,164,599,0,0,0,2,0,1,0,0,0,0,0,0,0,0,0,1,1,1,0.00,0.00,0.00,0.00,1.00,0.00,0.00,255,14,0.05,0.69,0.00,0.00,0.00,0.00,0.68,0.00
09:09:19,normal,0,tcp,http,SF,235,12823,0,0,0,0,0,1,0,0,0,0,0,0,0,0,0,0,2,2,0.00,0.00,0.00,0.00,1.00,0.00,0.00,255,255,1.00,0.00,0.00,0.00,0.00,0.00,0.00,0.00
09:09:20,normal,0,tcp,http,SF,353,4627,0,0,0,0,0,1,0,0,0,0,0,0,0,0,0,0,20,20,0.00,0.00,0.00,0.00,1.00,0.00,0.00,255,255,1.00,0.00,0.00,0.00,0.00,0.00,0.00,0.00
09:09:21,warezmaster,0,tcp,ftp_data,SF,12,0,0,0,0,0,0,0,0,0,0,0,0,0,0,0,0,0,1,1,0.00,0.00,0.00,0.00,1.00,0.00,0.00,22,5,0.23,0.09,0.23,0.00,0.00,0.00,0.00,0.00
09:09:22,normal,0,tcp,http,SF,265,3528,0,0,0,0,0,1,0,0,0,0,0,0,0,0,0,0,10,10,0.00,0.00,0.00,0.00,1.00,0.00,0.00,18,179,1.00,0.00,0.06,0.04,0.00,0.00,0.00,0.00
09:09:23,neptune,0,tcp,private,REJ,0,0,0,0,0,0,0,0,0,0,0,0,0,0,0,0,0,0,252,19,0.00,0.00,1.00,1.00,0.08,0.06,0.00,138,19,0.14,0.09,0.01,0.00,0.00,0.00,1.00,1.00
09:09:24,neptune,0,tcp,telnet,RSTO,0,0,0,0,0,0,0,0,0,0,0,0,0,0,0,0,0,0,266,17,0.00,0.00,1.00,1.00,0.06,0.06,0.00,255,17,0.07,0.07,0.00,0.00,0.00,0.00,1.00,1.00
09:09:25,neptune,0,tcp,private,S0,0,0,0,0,0,0,0,0,0,0,0,0,0,0,0,0,0,0,294,16,1.00,1.00,0.00,0.00,0.05,0.06,0.00,255,16,0.06,0.06,0.00,0.00,1.00,1.00,0.00,0.00
09:09:26,guess_passwd,0,tcp,ftp,SF,26,157,0,0,0,0,1,0,0,0,0,0,0,0,0,0,0,1,1,1,0.00,0.00,0.00,0.00,1.00,0.00,0.00,179,85,0.47,0.03,0.01,0.00,0.00,0.00,0.00,0.00
09:09:27,normal,0,udp,domain_u,SF,44,44,0,0,0,0,0,0,0,0,0,0,0,0,0,0,0,0,5,4,0.00,0.00,0.00,0.00,0.80,0.40,0.00,255,212,0.83,0.01,0.01,0.00,0.00,0.00,0.00,0.00
09:09:28,normal,0,tcp,http,SF,328,2404,0,0,0,0,0,1,0,0,0,0,0,0,0,0,0,0,2,9,0.00,0.00,0.00,0.00,1.00,0.00,0.22,193,255,1.00,0.00,0.01,0.04,0.00,0.00,0.00,0.00
09:09:29,ipsweep,0,icmp,eco_i,SF,18,0,0,0,0,0,0,0,0,0,0,0,0,0,0,0,0,0,1,1,0.00,0.00,0.00,0.00,1.00,0.00,0.00,1,50,1.00,0.00,1.00,1.00,0.00,0.00,0.00,0.00
09:09:30,neptune,0,tcp,uucp_path,REJ,0,0,0,0,0,0,0,0,0,0,0,0,0,0,0,0,0,0,211,15,0.00,0.00,1.00,1.00,0.07,0.08,0.00,255,15,0.06,0.08,0.00,0.00,0.00,0.00,1.00,1.00
09:09:31,normal,0,tcp,http,SF,347,521,0,0,0,0,0,1,0,0,0,0,0,0,0,0,0,0,4,4,0.00,0.00,0.00,0.00,1.00,0.00,0.00,255,255,1.00,0.00,0.00,0.00,0.00,0.00,0.00,0.00
09:09:32,neptune,0,tcp,private,S0,0,0,0,0,0,0,0,0,0,0,0,0,0,0,0,0,0,0,216,17,1.00,1.00,0.00,0.00,0.08,0.06,0.00,255,17,0.07,0.06,0.00,0.00,1.00,1.00,0.00,0.00
09:09:33,portsweep,0,tcp,private,RSTR,0,0,0,0,0,0,0,0,0,0,0,0,0,0,0,0,0,0,1,1,0.00,0.00,1.00,1.00,1.00,0.00,0.00,133,1,0.01,0.65,0.64,0.00,0.00,0.00,0.65,1.00
09:09:34,neptune,0,tcp,private,REJ,0,0,0,0,0,0,0,0,0,0,0,0,0,0,0,0,0,0,145,17,0.00,0.00,1.00,1.00,0.12,0.06,0.00,244,17,0.07,0.05,0.00,0.00,0.00,0.00,1.00,1.00
09:09:35,normal,0,udp,private,SF,52,55,0,0,0,0,0,0,0,0,0,0,0,0,0,0,0,0,508,508,0.00,0.00,0.00,0.00,1.00,0.00,0.00,255,255,1.00,0.00,0.82,0.00,0.00,0.00,0.00,0.00
09:09:36,mscan,0,tcp,telnet,REJ,0,0,0,0,0,0,0,0,0,0,0,0,0,0,0,0,0,0,1,24,0.00,0.12,1.00,0.83,1.00,0.00,0.92,238,14,0.02,0.03,0.00,0.14,0.00,0.00,0.02,0.43
09:09:37,normal,0,tcp,http,SF,268,16193,0,0,0,0,0,1,0,0,0,0,0,0,0,0,0,0,4,4,0.00,0.00,0.00,0.00,1.00,0.00,0.00,51,255,1.00,0.00,0.02,0.02,0.00,0.00,0.00,0.00
09:09:38,neptune,0,tcp,private,RSTO,0,0,0,0,0,0,0,0,0,0,0,0,0,0,0,0,0,0,140,17,0.00,0.00,1.00,1.00,0.12,0.06,0.00,255,17,0.07,0.05,0.00,0.00,0.00,0.00,1.00,1.00
09:09:39,neptune,0,tcp,private,REJ,0,0,0,0,0,0,0,0,0,0,0,0,0,0,0,0,0,0,212,19,0.00,0.00,1.00,1.00,0.09,0.07,0.00,255,19,0.07,0.06,0.00,0.00,0.00,0.00,1.00,1.00
09:09:40,normal,0,udp,private,SF,46,51,0,0,0,0,0,0,0,0,0,0,0,0,0,0,0,0,20,20,0.00,0.00,0.00,0.00,1.00,0.00,0.00,255,255,1.00,0.00,0.07,0.00,0.00,0.00,0.00,0.00
09:09:41,warezmaster,280,tcp,ftp_data,SF,283618,0,0,0,0,0,0,0,0,0,0,0,0,0,0,0,0,0,1,1,0.00,0.00,0.00,0.00,1.00,0.00,0.00,22,9,0.14,0.09,0.14,0.33,0.00,0.00,0.00,0.00
09:09:42,warezmaster,0,tcp,ftp_data,SF,12,0,0,0,0,0,0,0,0,0,0,0,0,0,0,0,0,0,1,1,0.00,0.00,0.00,0.00,1.00,0.00,0.00,8,15,0.88,0.25,0.88,0.13,0.00,0.00,0.00,0.00
09:09:43,mscan,0,tcp,imap4,S0,0,0,0,0,0,0,0,0,0,0,0,0,0,0,0,0,0,0,1,3,1.00,1.00,0.00,0.00,1.00,0.00,1.00,148,86,0.34,0.02,0.01,0.02,1.00,1.00,0.00,0.00
09:09:44,neptune,0,tcp,finger,S0,0,0,0,0,0,0,0,0,0,0,0,0,0,0,0,0,0,0,290,16,1.00,1.00,0.00,0.00,0.06,0.06,0.00,255,16,0.06,0.07,0.00,0.00,1.00,1.00,0.00,0.00
09:09:45,normal,0,tcp,http,SF,205,655,0,0,0,0,0,1,0,0,0,0,0,0,0,0,0,0,41,43,0.00,0.00,0.00,0.00,1.00,0.00,0.07,255,255,1.00,0.00,0.00,0.00,0.00,0.00,0.00,0.00
09:09:46,warezmaster,282,tcp,ftp,SF,158,595,0,0,0,2,0,1,0,0,0,0,0,0,0,0,0,1,1,1,0.00,0.00,0.00,0.00,1.00,0.00,0.00,255,16,0.06,0.76,0.00,0.00,0.00,0.06,0.73,0.00
09:09:47,neptune,0,tcp,private,REJ,0,0,0,0,0,0,0,0,0,0,0,0,0,0,0,0,0,0,221,2,0.00,0.00,1.00,1.00,0.01,0.08,0.00,255,2,0.01,0.08,0.00,0.00,0.00,0.00,1.00,1.00
09:09:48,normal,0,tcp,http,SF,238,780,0,0,0,0,0,1,0,0,0,0,0,0,0,0,0,0,18,19,0.00,0.00,0.00,0.00,1.00,0.00,0.11,18,98,1.00,0.00,0.06,0.07,0.00,0.00,0.00,0.00
09:09:49,processtable,0,tcp,telnet,S3,0,44,0,0,0,0,0,0,0,0,0,0,0,0,0,0,0,0,1,1,1.00,1.00,0.00,0.00,1.00,0.00,0.00,255,60,0.24,0.68,0.00,0.00,0.14,0.58,0.67,0.00
09:09:51,normal,0,tcp,http,SF,256,22095,0,0,0,0,0,1,0,0,0,0,0,0,0,0,0,0,13,13,0.00,0.00,0.00,0.00,1.00,0.00,0.00,255,255,1.00,0.00,0.01,0.00,0.00,0.00,0.00,0.00
09:09:52,httptunnel,0,tcp,other,REJ,0,0,0,0,0,0,0,0,0,0,0,0,0,0,0,0,0,0,2,1,0.00,0.00,0.50,1.00,0.50,1.00,0.00,255,1,0.00,0.02,0.00,0.00,0.00,0.00,0.00,1.00
09:09:53,mscan,0,tcp,pop_3,RSTO,0,36,0,0,0,0,0,1,0,0,0,0,0,0,0,0,0,0,1,1,0.00,0.00,1.00,1.00,1.00,0.00,0.00,181,59,0.24,0.03,0.01,0.03,0.00,0.00,0.88,1.00
09:09:54,normal,0,tcp,http,SF,245,3258,0,0,0,0,0,1,0,0,0,0,0,0,0,0,0,0,3,52,0.00,0.00,0.00,0.00,1.00,0.00,0.10,18,255,1.00,0.00,0.06,0.01,0.00,0.00,0.00,0.00
09:09:55,normal,0,tcp,http,SF,362,677,0,0,0,0,0,1,0,0,0,0,0,0,0,0,0,0,10,10,0.00,0.00,0.00,0.00,1.00,0.00,0.00,106,231,1.00,0.00,0.01,0.03,0.00,0.00,0.00,0.00
09:09:56,normal,0,udp,private,SF,54,53,0,0,0,0,0,0,0,0,0,0,0,0,0,0,0,0,511,511,0.00,0.00,0.00,0.00,1.00,0.00,0.00,255,255,1.00,0.00,0.98,0.00,0.00,0.00,0.00,0.00
09:09:57,mscan,0,tcp,sunrpc,REJ,0,0,0,0,0,0,0,0,0,0,0,0,0,0,0,0,0,0,3,7,0.00,0.00,1.00,1.00,0.33,1.00,1.00,255,17,0.07,0.03,0.00,0.00,0.01,0.00,0.34,1.00
09:09:58,normal,0,tcp,http,SF,328,2433,0,0,0,0,0,1,0,0,0,0,0,0,0,0,0,0,3,4,0.00,0.00,0.00,0.00,1.00,0.00,0.50,118,255,1.00,0.00,0.01,0.05,0.00,0.00,0.00,0.00
09:09:59,neptune,0,tcp,vmnet,REJ,0,0,0,0,0,0,0,0,0,0,0,0,0,0,0,0,0,0,290,16,0.00,0.00,1.00,1.00,0.06,0.06,0.00,255,16,0.06,0.06,0.00,0.00,0.00,0.00,1.00,1.00
09:10:00,normal,0,tcp,http,SF,163,12206,0,0,0,0,0,1,0,0,0,0,0,0,0,0,0,0,1,1,0.00,0.00,0.00,0.00,1.00,0.00,0.00,1,255,1.00,0.00,1.00,0.03,0.00,0.00,0.00,0.00
09:10:01,neptune,0,tcp,private,REJ,0,0,0,0,0,0,0,0,0,0,0,0,0,0,0,0,0,0,213,8,0.00,0.00,1.00,1.00,0.04,0.06,0.00,255,8,0.03,0.06,0.00,0.00,0.00,0.00,1.00,1.00
09:10:02,back,0,tcp,http,S2,54540,8315,0,0,0,1,0,1,0,0,0,0,0,0,0,0,0,0,4,4,0.25,0.25,0.00,0.00,1.00,0.00,0.00,255,254,1.00,0.01,0.00,0.00,0.00,0.00,0.01,0.01
09:10:03,normal,0,udp,private,SF,105,146,0,0,0,0,0,0,0,0,0,0,0,0,0,0,0,0,1,1,0.00,0.00,0.00,0.00,1.00,0.00,0.00,100,99,0.99,0.02,0.01,0.00,0.00,0.00,0.00,0.00
09:10:04,guess_passwd,5,tcp,pop_3,SF,32,93,0,0,0,0,0,1,0,0,0,0,0,0,0,0,0,0,1,1,0.00,0.00,0.00,0.00,1.00,0.00,0.00,5,8,1.00,0.00,0.20,0.38,0.00,0.00,0.00,0.00
09:10:05,normal,0,udp,private,SF,53,51,0,0,0,0,0,0,0,0,0,0,0,0,0,0,0,0,279,279,0.00,0.00,0.00,0.00,1.00,0.00,0.00,255,255,1.00,0.00,0.86,0.00,0.00,0.00,0.00,0.00
09:10:06,normal,0,tcp,http,SF,204,1762,0,0,0,0,0,1,0,0,0,0,0,0,0,0,0,0,17,17,0.00,0.00,0.00,0.00,1.00,0.00,0.00,233,255,1.00,0.00,0.00,0.01,0.00,0.00,0.00,0.00
09:10:07,satan,0,tcp,other,REJ,0,0,0,0,0,0,0,0,0,0,0,0,0,0,0,0,0,0,508,1,0.07,0.00,0.93,1.00,0.00,1.00,0.00,255,1,0.00,1.00,0.00,0.00,0.06,0.00,0.94,1.00
09:10:08,warezmaster,283,tcp,ftp,SF,162,597,0,0,0,2,0,1,0,0,0,0,0,0,0,0,0,1,1,1,0.00,0.00,0.00,0.00,1.00,0.00,0.00,255,30,0.12,0.03,0.00,0.00,0.40,0.00,0.02,0.00
09:10:09,neptune,0,tcp,private,REJ,0,0,0,0,0,0,0,0,0,0,0,0,0,0,0,0,0,0,242,16,0.00,0.00,1.00,1.00,0.07,0.07,0.00,255,16,0.06,0.08,0.00,0.00,0.00,0.00,1.00,1.00
09:10:10,neptune,0,tcp,domain,S0,0,0,0,0,0,0,0,0,0,0,0,0,0,0,0,0,0,0,160,14,1.00,1.00,0.00,0.00,0.09,0.09,0.00,255,14,0.05,0.09,0.00,0.00,1.00,1.00,0.00,0.00
09:10:11,satan,0,tcp,other,REJ,0,0,0,0,0,0,0,0,0,0,0,0,0,0,0,0,0,0,511,1,0.13,0.00,0.87,1.00,0.00,1.00,0.00,255,1,0.00,0.94,0.00,0.00,0.12,0.00,0.88,1.00
09:10:12,normal,0,tcp,http,SF,316,817,0,0,0,0,0,1,0,0,0,0,0,0,0,0,0,0,11,28,0.00,0.00,0.00,0.00,1.00,0.00,0.21,50,255,1.00,0.00,0.02,0.01,0.00,0.00,0.00,0.00
09:10:13,normal,0,udp,private,SF,52,55,0,0,0,0,0,0,0,0,0,0,0,0,0,0,0,0,509,509,0.00,0.00,0.00,0.00,1.00,0.00,0.00,255,255,1.00,0.00,0.96,0.00,0.00,0.00,0.00,0.00
09:10:14,normal,0,tcp,http,SF,373,432,0,0,0,0,0,1,0,0,0,0,0,0,0,0,0,0,21,21,0.00,0.00,0.00,0.00,1.00,0.00,0.00,255,255,1.00,0.00,0.00,0.00,0.00,0.00,0.00,0.00
09:10:15,normal,0,tcp,ftp_data,SF,6932,0,0,0,0,0,0,0,0,0,0,0,0,0,0,0,0,0,2,2,0.00,0.00,0.00,0.00,1.00,0.00,0.00,36,5,0.14,0.08,0.14,0.00,0.00,0.00,0.00,0.00
09:10:16,neptune,0,tcp,private,REJ,0,0,0,0,0,0,0,0,0,0,0,0,0,0,0,0,0,0,205,12,0.00,0.00,1.00,1.00,0.06,0.06,0.00,255,12,0.05,0.05,0.00,0.00,0.00,0.00,1.00,1.00
09:10:17,guess_passwd,3,tcp,pop_3,SF,32,93,0,0,0,0,0,1,0,0,0,0,0,0,0,0,0,0,1,1,0.00,0.00,0.00,0.00,1.00,0.00,0.00,255,171,0.67,0.02,0.00,0.00,0.00,0.00,0.11,0.00
09:10:18,normal,0,tcp,http,SF,232,259,0,0,0,0,0,1,0,0,0,0,0,0,0,0,0,0,5,12,0.00,0.00,0.00,0.00,1.00,0.00,0.33,101,255,1.00,0.00,0.01,0.02,0.00,0.00,0.00,0.00
09:10:19,neptune,0,tcp,private,REJ,0,0,0,0,0,0,0,0,0,0,0,0,0,0,0,0,0,0,131,20,0.00,0.00,1.00,1.00,0.15,0.05,0.00,255,20,0.08,0.06,0.00,0.00,0.00,0.00,1.00,1.00
09:10:20,normal,0,tcp,http,SF,251,2984,0,0,0,0,0,1,0,0,0,0,0,0,0,0,0,0,1,1,0.00,0.00,0.00,0.00,1.00,0.00,0.00,58,255,1.00,0.00,0.02,0.04,0.00,0.00,0.00,0.00
09:10:21,normal,0,tcp,http,SF,287,593,0,0,0,0,0,1,0,0,0,0,0,0,0,0,0,0,1,25,0.00,0.00,0.00,0.00,1.00,0.00,0.16,6,255,1.00,0.00,0.17,0.03,0.00,0.00,0.00,0.00
09:10:22,normal,1,tcp,smtp,SF,1055,364,0,0,0,0,0,1,0,0,0,0,0,0,0,0,0,0,1,2,0.00,0.00,0.00,0.00,1.00,0.00,1.00,142,192,0.81,0.03,0.01,0.01,0.00,0.00,0.02,0.03
09:10:23,normal,0,tcp,http,SF,286,920,0,0,0,0,0,1,0,0,0,0,0,0,0,0,0,0,16,19,0.00,0.00,0.00,0.00,1.00,0.00,0.16,152,255,1.00,0.00,0.01,0.01,0.00,0.00,0.00,0.00
09:10:24,neptune,0,tcp,private,REJ,0,0,0,0,0,0,0,0,0,0,0,0,0,0,0,0,0,0,136,14,0.00,0.00,1.00,1.00,0.10,0.06,0.00,255,14,0.05,0.05,0.00,0.00,0.00,0.00,1.00,1.00
09:10:25,normal,0,tcp,http,SF,321,622,0,0,0,0,0,1,0,0,0,0,0,0,0,0,0,0,18,23,0.00,0.00,0.00,0.00,1.00,0.00,0.17,255,255,1.00,0.00,0.00,0.00,0.00,0.00,0.00,0.00
09:10:26,warezmaster,280,tcp,ftp_data,SF,283618,0,0,0,0,0,0,0,0,0,0,0,0,0,0,0,0,0,2,2,0.00,0.00,0.00,0.00,1.00,0.00,0.00,6,12,1.00,0.00,1.00,0.25,0.00,0.00,0.00,0.00
09:10:27,smurf,0,icmp,ecr_i,SF,1032,0,0,0,0,0,0,0,0,0,0,0,0,0,0,0,0,0,201,201,0.00,0.00,0.00,0.00,1.00,0.00,0.00,255,255,1.00,0.00,1.00,0.00,0.00,0.00,0.00,0.00
09:10:28,guess_passwd,0,tcp,telnet,SF,122,174,0,0,0,0,1,0,0,0,0,0,0,0,0,0,0,0,1,1,0.00,0.00,0.00,0.00,1.00,0.00,0.00,255,182,0.71,0.02,0.00,0.00,0.00,0.00,0.02,0.03
09:10:29,mscan,0,tcp,imap4,RSTO,0,44,0,0,0,0,0,0,0,0,0,0,0,0,0,0,0,0,2,8,0.00,0.00,1.00,0.88,0.50,1.00,1.00,226,59,0.23,0.02,0.00,0.03,0.00,0.00,0.89,0.97
09:10:30,neptune,0,tcp,private,REJ,0,0,0,0,0,0,0,0,0,0,0,0,0,0,0,0,0,0,253,11,0.00,0.00,1.00,1.00,0.04,0.06,0.00,255,11,0.04,0.07,0.00,0.00,0.00,0.00,1.00,1.00
09:10:31,neptune,0,tcp,http,REJ,0,0,0,0,0,0,0,0,0,0,0,0,0,0,0,0,0,0,264,20,0.00,0.00,1.00,1.00,0.08,0.06,0.00,255,20,0.08,0.06,0.00,0.00,0.00,0.00,1.00,1.00
09:10:32,normal,0,tcp,private,S1,2,834163,0,0,0,6,0,0,0,0,0,0,0,0,0,0,0,0,1,1,1.00,1.00,0.00,0.00,1.00,0.00,0.00,255,2,0.01,0.03,0.00,0.00,0.45,1.00,0.02,0.00
09:10:33,neptune,0,tcp,private,REJ,0,0,0,0,0,0,0,0,0,0,0,0,0,0,0,0,0,0,197,5,0.00,0.00,1.00,1.00,0.03,0.06,0.00,255,5,0.02,0.06,0.00,0.00,0.00,0.00,1.00,1.00
09:10:34,normal,0,udp,domain_u,SF,22,75,0,0,0,0,0,0,0,0,0,0,0,0,0,0,0,0,3,3,0.00,0.00,0.00,0.00,0.67,0.67,0.67,141,134,0.95,0.02,0.01,0.00,0.00,0.00,0.00,0.00
09:10:35,neptune,0,tcp,netbios_ns,REJ,0,0,0,0,0,0,0,0,0,0,0,0,0,0,0,0,0,0,103,2,0.00,0.00,1.00,1.00,0.02,0.07,0.00,255,2,0.01,0.06,0.00,0.00,0.00,0.00,1.00,1.00
09:10:36,normal,0,tcp,http,SF,223,8620,0,0,0,0,0,1,0,0,0,0,0,0,0,0,0,0,3,3,0.00,0.00,0.00,0.00,1.00,0.00,0.00,157,255,1.00,0.00,0.01,0.02,0.00,0.00,0.00,0.00
09:10:37,normal,0,tcp,http,SF,237,4228,0,0,0,0,0,1,0,0,0,0,0,0,0,0,0,0,16,16,0.00,0.00,0.00,0.00,1.00,0.00,0.00,255,255,1.00,0.00,0.00,0.00,0.00,0.00,0.00,0.00
09:10:38,normal,0,udp,private,SF,45,44,0,0,0,0,0,0,0,0,0,0,0,0,0,0,0,0,511,511,0.00,0.00,0.00,0.00,1.00,0.00,0.00,255,255,1.00,0.00,0.83,0.00,0.00,0.00,0.00,0.00
09:10:39,neptune,0,tcp,private,REJ,0,0,0,0,0,0,0,0,0,0,0,0,0,0,0,0,0,0,230,9,0.00,0.00,1.00,1.00,0.04,0.07,0.00,255,9,0.04,0.08,0.00,0.00,0.00,0.00,1.00,1.00
09:10:40,portsweep,0,tcp,private,REJ,0,0,0,0,0,0,0,0,0,0,0,0,0,0,0,0,0,0,95,1,0.02,0.00,0.98,1.00,0.01,0.86,0.00,104,1,0.01,0.80,0.91,0.00,0.02,0.00,0.89,1.00
09:10:41,mscan,0,tcp,pop_3,REJ,0,0,0,0,0,0,0,0,0,0,0,0,0,0,0,0,0,0,3,20,0.00,0.05,1.00,0.85,0.33,1.00,1.00,255,12,0.05,0.03,0.00,0.00,0.00,0.00,0.16,1.00
09:10:42,apache2,0,tcp,http,S0,0,0,0,0,0,0,0,0,0,0,0,0,0,0,0,0,0,0,16,16,1.00,1.00,0.00,0.00,1.00,0.00,0.00,255,245,0.96,0.01,0.00,0.00,0.21,0.22,0.56,0.59
09:10:43,normal,0,tcp,http,SF,301,6085,0,0,0,0,0,1,0,0,0,0,0,0,0,0,0,0,14,15,0.00,0.00,0.00,0.00,1.00,0.00,0.13,120,255,1.00,0.00,0.01,0.01,0.00,0.00,0.00,0.00
09:10:44,normal,0,udp,domain_u,SF,44,71,0,0,0,0,0,0,0,0,0,0,0,0,0,0,0,0,188,187,0.00,0.00,0.00,0.00,0.99,0.01,0.00,255,255,1.00,0.00,0.00,0.00,0.00,0.00,0.00,0.00
09:10:45,back,0,tcp,http,SF,54540,8314,0,0,0,2,0,1,1,0,0,0,0,0,0,0,0,0,4,9,0.00,0.00,0.00,0.00,1.00,0.00,0.22,255,242,0.95,0.01,0.00,0.00,0.00,0.00,0.06,0.06
09:10:46,satan,0,udp,private,SF,1,1,0,0,0,0,0,0,0,0,0,0,0,0,0,0,0,0,94,1,0.00,0.00,0.00,0.00,0.01,0.63,0.00,255,1,0.00,0.85,0.51,0.00,0.05,0.00,0.43,0.00
09:10:47,mscan,2,tcp,telnet,SF,24,715,0,0,0,0,0,0,0,0,0,0,0,0,0,0,0,0,4,7,0.00,0.14,0.75,0.29,0.50,0.75,0.71,255,53,0.21,0.03,0.00,0.00,0.00,0.00,0.35,0.51
09:10:48,satan,0,tcp,other,REJ,0,0,0,0,0,0,0,0,0,0,0,0,0,0,0,0,0,0,458,1,0.16,0.00,0.84,1.00,0.00,1.00,0.00,255,1,0.00,0.09,0.00,0.00,0.00,0.00,0.09,1.00
09:10:49,processtable,7587,tcp,telnet,SF,0,44,0,0,0,0,0,0,0,0,0,0,0,0,0,0,0,0,1,1,0.00,0.00,0.00,0.00,1.00,0.00,0.00,255,161,0.63,0.35,0.00,0.00,0.49,0.78,0.34,0.01
09:10:50,normal,0,udp,domain_u,SF,44,129,0,0,0,0,0,0,0,0,0,0,0,0,0,0,0,0,87,167,0.00,0.00,0.00,0.00,1.00,0.00,0.01,255,255,1.00,0.00,0.00,0.00,0.00,0.00,0.00,0.00
09:10:51,neptune,0,tcp,mtp,S0,0,0,0,0,0,0,0,0,0,0,0,0,0,0,0,0,0,0,236,2,1.00,1.00,0.00,0.00,0.01,0.07,0.00,255,2,0.01,0.07,0.00,0.00,1.00,1.00,0.00,0.00
09:10:52,neptune,0,tcp,private,REJ,0,0,0,0,0,0,0,0,0,0,0,0,0,0,0,0,0,0,108,2,0.00,0.00,1.00,1.00,0.02,0.06,0.00,255,2,0.01,0.05,0.00,0.00,0.00,0.00,1.00,1.00
09:10:53,guess_passwd,7,tcp,pop_3,SF,30,93,0,0,0,0,0,1,0,0,0,0,0,0,0,0,0,0,2,1,0.00,0.00,0.00,0.00,0.50,1.00,0.00,255,249,0.98,0.01,0.00,0.00,0.00,0.00,0.02,0.00
09:10:54,normal,0,tcp,http,SF,197,1485,0,0,0,0,0,1,0,0,0,0,0,0,0,0,0,0,16,17,0.00,0.00,0.00,0.00,1.00,0.00,0.12,255,255,1.00,0.00,0.00,0.00,0.00,0.00,0.00,0.00
09:10:55,normal,0,tcp,http,SF,242,15155,0,0,0,0,0,1,0,0,0,0,0,0,0,0,0,0,1,7,0.00,0.00,0.00,0.00,1.00,0.00,0.29,3,255,1.00,0.00,0.33,0.07,0.00,0.00,0.00,0.00
09:10:56,guess_passwd,6,tcp,pop_3,SF,30,93,0,0,0,0,0,1,0,0,0,0,0,0,0,0,0,0,1,1,0.00,0.00,0.00,0.00,1.00,0.00,0.00,255,251,0.98,0.01,0.00,0.00,0.00,0.00,0.00,0.00
09:10:57,normal,0,tcp,http,SF,350,5934,0,0,0,0,0,1,0,0,0,0,0,0,0,0,0,0,5,5,0.00,0.00,0.00,0.00,1.00,0.00,0.00,255,255,1.00,0.00,0.00,0.00,0.00,0.00,0.00,0.00
09:10:58,normal,0,udp,domain_u,SF,46,46,0,0,0,0,0,0,0,0,0,0,0,0,0,0,0,0,127,200,0.00,0.00,0.00,0.00,0.99,0.02,0.01,255,254,1.00,0.01,0.01,0.00,0.00,0.00,0.00,0.00
09:10:59,normal,0,udp,private,SF,52,52,0,0,0,0,0,0,0,0,0,0,0,0,0,0,0,0,511,511,0.00,0.00,0.00,0.00,1.00,0.00,0.00,255,255,1.00,0.00,0.78,0.00,0.00,0.00,0.00,0.00
09:11:00,neptune,0,tcp,name,REJ,0,0,0,0,0,0,0,0,0,0,0,0,0,0,0,0,0,0,195,5,0.00,0.00,1.00,1.00,0.03,0.07,0.00,255,5,0.02,0.07,0.00,0.00,0.00,0.00,1.00,1.00
09:11:01,normal,0,tcp,http,SF,239,60632,0,0,0,0,0,1,0,0,0,0,0,0,0,0,0,0,5,5,0.00,0.00,0.00,0.00,1.00,0.00,0.00,87,255,1.00,0.00,0.01,0.02,0.01,0.00,0.00,0.00
09:11:02,normal,0,tcp,http,SF,207,386,0,0,0,0,0,1,0,0,0,0,0,0,0,0,0,0,12,14,0.00,0.00,0.00,0.00,1.00,0.00,0.21,255,255,1.00,0.00,0.00,0.00,0.00,0.00,0.00,0.00
09:11:03,neptune,0,tcp,private,REJ,0,0,0,0,0,0,0,0,0,0,0,0,0,0,0,0,0,0,123,17,0.00,0.00,1.00,1.00,0.14,0.07,0.00,255,17,0.07,0.05,0.00,0.00,0.00,0.00,1.00,1.00
09:11:04,normal,0,tcp,http,SF,180,4443,0,0,0,0,0,1,0,0,0,0,0,0,0,0,0,0,1,11,0.00,0.00,0.00,0.00,1.00,0.00,0.18,94,255,1.00,0.00,0.01,0.01,0.00,0.00,0.00,0.00
09:11:05,normal,0,tcp,http,SF,339,396,0,0,0,0,0,1,0,0,0,0,0,0,0,0,0,0,11,11,0.00,0.00,0.00,0.00,1.00,0.00,0.00,255,255,1.00,0.00,0.00,0.00,0.00,0.00,0.00,0.00
09:11:06,normal,0,tcp,smtp,SF,642,331,0,0,0,0,0,1,0,0,0,0,0,0,0,0,0,0,1,1,0.00,0.00,0.00,0.00,1.00,0.00,0.00,111,140,0.37,0.05,0.01,0.01,0.00,0.00,0.00,0.04
09:11:07,normal,0,udp,private,SF,55,52,0,0,0,0,0,0,0,0,0,0,0,0,0,0,0,0,511,511,0.00,0.00,0.00,0.00,1.00,0.00,0.00,255,255,1.00,0.00,1.00,0.00,0.00,0.00,0.00,0.00
09:11:08,satan,0,tcp,private,REJ,0,0,0,0,0,0,0,0,0,0,0,0,0,0,0,0,0,0,341,1,0.14,0.00,0.83,1.00,0.00,1.00,0.00,255,1,0.00,0.98,0.00,0.00,0.17,0.00,0.80,1.00
09:11:09,normal,0,tcp,http,SF,341,2315,0,0,0,0,0,1,0,0,0,0,0,0,0,0,0,0,29,32,0.00,0.00,0.00,0.00,1.00,0.00,0.12,255,255,1.00,0.00,0.00,0.00,0.00,0.00,0.00,0.00
09:11:10,snmpguess,0,udp,private,SF,49,0,0,0,0,0,0,0,0,0,0,0,0,0,0,0,0,0,1,1,0.00,0.00,0.00,0.00,1.00,0.00,0.00,255,255,1.00,0.00,0.01,0.00,0.00,0.00,0.00,0.00
09:11:11,normal,0,udp,domain_u,SF,42,42,0,0,0,0,0,0,0,0,0,0,0,0,0,0,0,0,8,12,0.00,0.00,0.00,0.00,1.00,0.00,0.17,255,251,0.98,0.01,0.00,0.00,0.00,0.00,0.00,0.00
09:11:12,neptune,0,tcp,private,REJ,0,0,0,0,0,0,0,0,0,0,0,0,0,0,0,0,0,0,246,9,0.00,0.00,1.00,1.00,0.04,0.07,0.00,255,9,0.04,0.08,0.00,0.00,0.00,0.00,1.00,1.00
09:11:13,back,0,tcp,http,SF,54540,8314,0,0,0,2,0,1,1,0,0,0,0,0,0,0,0,0,5,37,0.00,0.00,0.00,0.00,1.00,0.00,0.05,255,255,1.00,0.00,0.00,0.00,0.00,0.00,0.05,0.05
09:11:14,normal,0,udp,private,SF,105,0,0,0,0,0,0,0,0,0,0,0,0,0,0,0,0,0,1,1,0.00,0.00,0.00,0.00,1.00,0.00,0.00,255,253,0.99,0.01,0.01,0.00,0.00,0.00,0.00,0.00
09:11:15,normal,0,tcp,http,SF,285,1892,0,0,0,0,0,1,0,0,0,0,0,0,0,0,0,0,7,7,0.00,0.00,0.00,0.00,1.00,0.00,0.00,255,255,1.00,0.00,0.01,0.00,0.00,0.00,0.00,0.00
09:11:16,neptune,0,tcp,private,REJ,0,0,0,0,0,0,0,0,0,0,0,0,0,0,0,0,0,0,141,19,0.00,0.00,1.00,1.00,0.13,0.06,0.00,255,19,0.07,0.06,0.00,0.00,0.00,0.00,1.00,1.00
09:11:17,guess_passwd,0,tcp,telnet,SF,123,174,0,0,0,0,1,0,0,0,0,0,0,0,0,0,0,0,2,2,0.00,0.00,0.00,0.00,1.00,0.00,0.00,255,255,1.00,0.00,0.00,0.00,0.01,0.01,0.02,0.02
09:11:18,guess_passwd,4,tcp,pop_3,SF,32,93,0,0,0,0,0,1,0,0,0,0,0,0,0,0,0,0,1,1,0.00,0.00,0.00,0.00,1.00,0.00,0.00,255,151,0.59,0.02,0.00,0.00,0.00,0.00,0.14,0.00
09:11:19,neptune,0,tcp,private,REJ,0,0,0,0,0,0,0,0,0,0,0,0,0,0,0,0,0,0,216,3,0.00,0.00,1.00,1.00,0.01,0.08,0.00,188,3,0.02,0.08,0.01,0.00,0.00,0.00,1.00,1.00
09:11:20,normal,0,tcp,http,SF,78202,1203,0,0,0,0,0,1,0,0,0,0,0,0,0,0,0,0,4,15,0.00,0.00,0.00,0.00,1.00,0.00,0.27,255,255,1.00,0.00,0.00,0.00,0.00,0.00,0.00,0.00
09:11:21,normal,0,tcp,http,SF,271,5182,0,0,0,0,0,1,0,0,0,0,0,0,0,0,0,0,15,16,0.00,0.00,0.00,0.00,1.00,0.00,0.12,255,255,1.00,0.00,0.00,0.00,0.00,0.00,0.00,0.00
09:11:22,processtable,8213,tcp,telnet,SF,0,15,0,0,0,0,0,0,0,0,0,0,0,0,0,0,0,0,1,1,0.00,0.00,0.00,0.00,1.00,0.00,0.00,255,8,0.03,0.85,0.00,0.00,0.00,0.00,0.84,0.00
09:11:23,neptune,0,tcp,private,S0,0,0,0,0,0,0,0,0,0,0,0,0,0,0,0,0,0,0,103,4,1.00,1.00,0.00,0.00,0.04,0.06,0.00,255,4,0.02,0.06,0.00,0.00,1.00,1.00,0.00,0.00
09:11:24,processtable,0,tcp,telnet,S3,0,44,0,0,0,0,0,0,0,0,0,0,0,0,0,0,0,0,1,1,1.00,1.00,0.00,0.00,1.00,0.00,0.00,255,132,0.52,0.02,0.00,0.00,0.53,0.44,0.01,0.01
09:11:25,normal,12931,tcp,telnet,SF,1164,160726,0,0,0,0,0,1,611,1,2,684,0,0,3,0,0,0,1,1,0.00,0.00,0.00,0.00,1.00,0.00,0.00,29,5,0.17,0.10,0.03,0.00,0.00,0.00,0.00,0.00
09:11:26,normal,0,udp,domain_u,SF,46,74,0,0,0,0,0,0,0,0,0,0,0,0,0,0,0,0,160,160,0.00,0.00,0.00,0.00,1.00,0.00,0.00,255,255,1.00,0.00,0.01,0.00,0.00,0.00,0.00,0.00
09:11:27,neptune,0,tcp,private,REJ,0,0,0,0,0,0,0,0,0,0,0,0,0,0,0,0,0,0,282,2,0.00,0.00,1.00,1.00,0.01,0.06,0.00,255,2,0.01,0.06,0.00,0.00,0.00,0.00,1.00,1.00
09:11:28,normal,0,tcp,smtp,SF,1107,331,0,0,0,0,0,1,0,0,0,0,0,0,0,0,0,0,1,1,0.00,0.00,0.00,0.00,1.00,0.00,0.00,20,178,0.90,0.15,0.05,0.01,0.00,0.00,0.00,0.00
09:11:29,normal,0,tcp,ftp_data,SF,4539,0,0,0,0,0,0,0,0,0,0,0,0,0,0,0,0,0,19,18,0.00,0.00,0.00,0.00,0.95,0.11,0.00,84,86,0.57,0.07,0.57,0.02,0.01,0.00,0.00,0.00
09:11:30,normal,20,tcp,ftp,SF,241,769,0,0,0,4,0,1,0,0,0,0,0,0,0,0,0,1,1,1,0.00,0.00,0.00,0.00,1.00,0.00,0.00,171,73,0.42,0.04,0.01,0.03,0.00,0.00,0.01,0.01
09:11:31,processtable,7971,tcp,telnet,SF,0,44,0,0,0,0,0,0,0,0,0,0,0,0,0,0,0,0,1,2,0.00,0.00,0.00,0.00,1.00,0.00,1.00,255,107,0.42,0.02,0.00,0.00,0.55,0.36,0.01,0.01
09:11:32,normal,0,tcp,http,SF,223,8619,0,0,0,0,0,1,0,0,0,0,0,0,0,0,0,0,5,7,0.00,0.00,0.00,0.00,1.00,0.00,0.43,48,255,1.00,0.00,0.02,0.02,0.00,0.00,0.00,0.00
09:11:33,neptune,0,tcp,private,REJ,0,0,0,0,0,0,0,0,0,0,0,0,0,0,0,0,0,0,270,5,0.00,0.00,1.00,1.00,0.02,0.06,0.00,255,5,0.02,0.06,0.00,0.00,0.00,0.00,1.00,1.00
09:11:34,saint,0,tcp,other,REJ,0,0,0,0,0,0,0,0,0,0,0,0,0,0,0,0,0,0,432,1,0.04,0.00,0.96,1.00,0.00,1.00,0.00,255,1,0.00,1.00,0.00,0.00,0.03,0.00,0.97,1.00
09:11:35,normal,0,tcp,http,SF,205,2120,0,0,0,0,0,1,0,0,0,0,0,0,0,0,0,0,7,14,0.00,0.00,0.00,0.00,1.00,0.00,0.14,255,255,1.00,0.00,0.00,0.00,0.00,0.00,0.00,0.00
09:11:36,normal,0,tcp,http,SF,310,1656,0,0,0,0,0,1,0,0,0,0,0,0,0,0,0,0,29,29,0.00,0.00,0.00,0.00,1.00,0.00,0.00,29,255,1.00,0.00,0.03,0.01,0.00,0.00,0.00,0.00
09:11:37,smurf,0,icmp,ecr_i,SF,1032,0,0,0,0,0,0,0,0,0,0,0,0,0,0,0,0,0,34,34,0.00,0.00,0.00,0.00,1.00,0.00,0.00,255,255,1.00,0.00,1.00,0.00,0.00,0.00,0.00,0.00
09:11:38,normal,0,tcp,http,SF,221,1674,0,0,0,0,0,1,0,0,0,0,0,0,0,0,0,0,12,37,0.00,0.00,0.00,0.00,1.00,0.00,0.08,255,255,1.00,0.00,0.00,0.00,0.00,0.00,0.00,0.00
09:11:39,normal,0,tcp,http,SF,234,1905,0,0,0,0,0,1,0,0,0,0,0,0,0,0,0,0,4,4,0.00,0.00,0.00,0.00,1.00,0.00,0.00,34,255,1.00,0.00,0.03,0.01,0.00,0.00,0.00,0.00
09:11:40,normal,0,udp,private,SF,56,57,0,0,0,0,0,0,0,0,0,0,0,0,0,0,0,0,510,510,0.00,0.00,0.00,0.00,1.00,0.00,0.00,255,255,1.00,0.00,1.00,0.00,0.00,0.00,0.00,0.00
09:11:41,neptune,0,tcp,private,S0,0,0,0,0,0,0,0,0,0,0,0,0,0,0,0,0,0,0,136,4,1.00,1.00,0.00,0.00,0.03,0.10,0.00,255,4,0.02,0.09,0.00,0.00,1.00,1.00,0.00,0.00
09:11:42,normal,0,tcp,http,SF,315,773,0,0,0,0,0,1,0,0,0,0,0,0,0,0,0,0,32,32,0.00,0.00,0.00,0.00,1.00,0.00,0.00,255,255,1.00,0.00,0.00,0.00,0.00,0.00,0.00,0.00
09:11:43,guess_passwd,0,tcp,pop_3,SF,30,217,0,0,0,0,0,1,0,0,0,0,0,0,0,0,0,0,1,1,0.00,0.00,0.00,0.00,1.00,0.00,0.00,255,2,0.01,0.02,0.00,0.00,0.00,0.00,0.00,0.00
09:11:44,neptune,0,tcp,http,REJ,0,0,0,0,0,0,0,0,0,0,0,0,0,0,0,0,0,0,256,19,0.00,0.00,1.00,1.00,0.07,0.06,0.00,255,19,0.07,0.06,0.00,0.00,0.00,0.00,1.00,1.00
09:11:45,normal,0,tcp,http,SF,358,490,0,0,0,0,0,1,0,0,0,0,0,0,0,0,0,0,29,36,0.00,0.00,0.00,0.00,1.00,0.00,0.06,30,255,1.00,0.00,0.03,0.05,0.00,0.00,0.00,0.00
09:11:46,neptune,0,tcp,pop_2,REJ,0,0,0,0,0,0,0,0,0,0,0,0,0,0,0,0,0,0,254,5,0.00,0.00,1.00,1.00,0.02,0.06,0.00,255,5,0.02,0.06,0.00,0.00,0.00,0.00,1.00,1.00
09:11:47,normal,0,tcp,http,SF,220,770,0,0,0,0,0,1,0,0,0,0,0,0,0,0,0,0,14,24,0.00,0.00,0.00,0.00,1.00,0.00,0.12,255,255,1.00,0.00,0.00,0.00,0.00,0.00,0.00,0.00
09:11:48,snmpgetattack,0,udp,private,SF,105,0,0,0,0,0,0,0,0,0,0,0,0,0,0,0,0,0,1,1,0.00,0.00,0.00,0.00,1.00,0.00,0.00,255,251,0.98,0.01,0.01,0.00,0.00,0.00,0.00,0.00
09:11:49,processtable,7646,tcp,telnet,SF,0,44,0,0,0,0,0,0,0,0,0,0,0,0,0,0,0,0,1,1,0.00,0.00,0.00,0.00,1.00,0.00,0.00,255,164,0.64,0.03,0.00,0.00,0.33,0.51,0.11,0.08
09:11:50,neptune,0,tcp,private,S0,0,0,0,0,0,0,0,0,0,0,0,0,0,0,0,0,0,0,137,8,1.00,1.00,0.00,0.00,0.06,0.06,0.00,255,8,0.03,0.06,0.00,0.00,1.00,1.00,0.00,0.00
09:11:51,normal,0,tcp,http,SF,245,2454,0,0,0,0,0,1,0,0,0,0,0,0,0,0,0,0,9,15,0.00,0.00,0.00,0.00,1.00,0.00,0.13,255,255,1.00,0.00,0.00,0.00,0.00,0.00,0.00,0.00
09:11:52,neptune,0,tcp,telnet,S0,0,0,0,0,0,0,0,0,0,0,0,0,0,0,0,0,0,0,120,120,1.00,1.00,0.00,0.00,1.00,0.00,0.00,255,218,0.85,0.07,0.00,0.00,0.83,0.97,0.02,0.00
09:11:53,normal,0,udp,private,SF,54,54,0,0,0,0,0,0,0,0,0,0,0,0,0,0,0,0,511,511,0.00,0.00,0.00,0.00,1.00,0.00,0.00,255,255,1.00,0.00,0.85,0.00,0.00,0.00,0.00,0.00
09:11:54,saint,0,tcp,other,REJ,0,0,0,0,0,0,0,0,0,0,0,0,0,0,0,0,0,0,511,1,0.08,0.00,0.92,1.00,0.00,1.00,0.00,255,1,0.00,1.00,0.00,0.00,0.13,0.00,0.87,1.00
09:11:55,normal,0,tcp,http,SF,268,1014,0,0,0,0,0,1,0,0,0,0,0,0,0,0,0,0,4,4,0.00,0.00,0.00,0.00,1.00,0.00,0.00,255,255,1.00,0.00,0.00,0.00,0.00,0.00,0.00,0.00
09:11:56,normal,0,tcp,http,SF,324,13335,0,0,0,0,0,1,0,0,0,0,0,0,0,0,0,0,20,29,0.00,0.00,0.00,0.00,1.00,0.00,0.07,20,255,1.00,0.00,0.05,0.07,0.00,0.00,0.00,0.00
09:11:58,back,0,tcp,http,SF,54540,8314,0,0,0,2,0,1,1,0,0,0,0,0,0,0,0,0,5,5,0.00,0.00,0.00,0.00,1.00,0.00,0.00,255,255,1.00,0.00,0.00,0.00,0.00,0.00,0.04,0.04
09:11:59,neptune,0,tcp,Z39_50,REJ,0,0,0,0,0,0,0,0,0,0,0,0,0,0,0,0,0,0,250,9,0.00,0.00,1.00,1.00,0.04,0.06,0.00,255,9,0.04,0.07,0.00,0.00,0.00,0.00,1.00,1.00
09:12:00,mailbomb,1,tcp,smtp,SF,2599,293,0,0,0,0,0,1,0,0,0,0,0,0,0,0,0,0,2,3,0.00,0.00,0.00,0.00,1.00,0.00,0.67,255,247,0.97,0.04,0.00,0.00,0.00,0.00,0.03,0.00
09:12:01,normal,0,tcp,smtp,SF,1176,368,0,0,0,0,0,1,0,0,0,0,0,0,0,0,0,0,1,1,0.00,0.00,0.00,0.00,1.00,0.00,0.00,128,167,0.60,0.03,0.01,0.01,0.00,0.00,0.00,0.00
09:12:02,neptune,0,tcp,http_443,S0,0,0,0,0,0,0,0,0,0,0,0,0,0,0,0,0,0,0,118,2,1.00,1.00,0.00,0.00,0.02,0.07,0.00,255,2,0.01,0.06,0.00,0.00,1.00,1.00,0.00,0.00
09:12:03,normal,0,tcp,http,SF,222,827,0,0,0,0,0,1,0,0,0,0,0,0,0,0,0,0,7,7,0.00,0.00,0.00,0.00,1.00,0.00,0.00,38,255,1.00,0.00,0.03,0.04,0.00,0.00,0.00,0.00
09:12:04,normal,0,tcp,http,SF,252,5354,0,0,0,0,0,1,0,0,0,0,0,0,0,0,0,0,5,5,0.00,0.00,0.00,0.00,1.00,0.00,0.00,43,255,1.00,0.00,0.02,0.02,0.00,0.00,0.00,0.00
09:12:05,neptune,0,tcp,private,REJ,0,0,0,0,0,0,0,0,0,0,0,0,0,0,0,0,0,0,103,9,0.00,0.00,1.00,1.00,0.09,0.07,0.00,255,9,0.04,0.05,0.00,0.00,0.00,0.00,1.00,1.00
09:12:06,normal,0,tcp,http,SF,236,3222,0,0,0,0,0,1,0,0,0,0,0,0,0,0,0,0,3,4,0.00,0.00,0.00,0.00,1.00,0.00,0.50,255,211,0.83,0.11,0.00,0.00,0.00,0.00,0.10,0.00
09:12:07,normal,0,tcp,ftp_data,SF,868,0,0,0,0,0,0,0,0,0,0,0,0,0,0,0,0,0,1,1,0.00,0.00,0.00,0.00,1.00,0.00,0.00,1,23,1.00,0.00,1.00,0.09,0.00,0.00,0.00,0.00
09:12:08,mscan,1,tcp,pop_3,RSTO,0,36,0,0,0,0,0,1,0,0,0,0,0,0,0,0,0,0,2,9,0.00,0.00,1.00,1.00,0.50,1.00,1.00,255,41,0.16,0.02,0.00,0.00,0.00,0.00,0.60,1.00
09:12:09,normal,0,tcp,other,RSTR,0,0,0,0,0,0,0,0,0,0,0,0,0,0,0,0,0,0,1,1,0.00,0.00,1.00,1.00,1.00,0.00,0.00,255,1,0.00,0.24,0.23,0.00,0.00,0.00,0.23,1.00
09:12:10,neptune,0,tcp,private,REJ,0,0,0,0,0,0,0,0,0,0,0,0,0,0,0,0,0,0,224,2,0.00,0.00,1.00,1.00,0.01,0.06,0.00,255,2,0.01,0.07,0.00,0.00,0.00,0.00,1.00,1.00
09:12:11,multihop,0,udp,other,SF,23,0,0,0,0,0,0,0,0,0,0,0,0,0,0,0,0,0,1,1,0.00,0.00,0.00,0.00,1.00,0.00,0.00,255,1,0.00,0.03,0.00,0.00,0.00,0.00,0.00,0.00
09:12:12,neptune,0,tcp,finger,RSTO,0,0,0,0,0,0,0,0,0,0,0,0,0,0,0,0,0,0,196,9,0.00,0.00,1.00,1.00,0.05,0.06,0.00,255,9,0.04,0.07,0.00,0.00,0.00,0.00,1.00,1.00
09:12:13,normal,0,tcp,http,SF,221,310,0,0,0,0,0,1,0,0,0,0,0,0,0,0,0,0,6,6,0.00,0.00,0.00,0.00,1.00,0.00,0.00,168,255,1.00,0.00,0.01,0.02,0.00,0.00,0.00,0.00
09:12:14,mailbomb,1,tcp,smtp,SF,2599,293,0,0,0,0,0,1,0,0,0,0,0,0,0,0,0,0,3,3,0.00,0.00,0.00,0.00,1.00,0.00,0.00,255,188,0.74,0.13,0.00,0.00,0.00,0.00,0.25,0.00
09:12:15,normal,0,udp,private,SF,28,0,0,3,0,0,0,0,0,0,0,0,0,0,0,0,0,0,80,80,0.00,0.00,0.00,0.00,1.00,0.00,0.00,255,80,0.31,0.02,0.31,0.00,0.00,0.00,0.00,0.00
09:12:16,mscan,0,tcp,pop_3,S0,0,0,0,0,0,0,0,0,0,0,0,0,0,0,0,0,0,0,1,3,1.00,1.00,0.00,0.00,1.00,0.00,1.00,45,64,0.33,0.07,0.02,0.03,1.00,0.23,0.00,0.77
09:12:17,normal,0,tcp,http,SF,334,55417,0,0,0,0,0,1,0,0,0,0,0,0,0,0,0,0,1,1,0.00,0.00,0.00,0.00,1.00,0.00,0.00,90,255,1.00,0.00,0.01,0.02,0.00,0.00,0.00,0.00
09:12:18,normal,0,tcp,http,SF,239,2049,0,0,0,0,0,1,0,0,0,0,0,0,0,0,0,0,2,2,0.00,0.00,0.00,0.00,1.00,0.00,0.00,255,255,1.00,0.00,0.00,0.00,0.00,0.00,0.00,0.00
09:12:19,satan,0,tcp,other,S0,0,0,0,0,0,0,0,0,0,0,0,0,0,0,0,0,0,0,477,1,0.05,1.00,0.95,0.00,0.00,1.00,0.00,255,1,0.00,1.00,0.00,0.00,0.05,1.00,0.95,0.00
09:12:20,normal,0,icmp,eco_i,SF,40008,0,0,0,0,0,0,0,0,0,0,0,0,0,0,0,0,0,3,3,0.00,0.00,0.00,0.00,1.00,0.00,0.00,142,145,0.23,0.04,0.23,0.40,0.00,0.00,0.02,0.00
09:12:21,guess_passwd,4,tcp,pop_3,SF,28,93,0,0,0,0,0,1,0,0,0,0,0,0,0,0,0,0,1,1,0.00,0.00,0.00,0.00,1.00,0.00,0.00,255,224,0.88,0.04,0.00,0.00,0.00,0.00,0.00,0.00
09:12:22,normal,0,tcp,http,SF,222,1680,0,0,0,0,0,1,0,0,0,0,0,0,0,0,0,0,4,4,0.00,0.00,0.00,0.00,1.00,0.00,0.00,255,255,1.00,0.00,0.00,0.00,0.00,0.00,0.00,0.00
09:12:23,normal,0,tcp,http,SF,206,601,0,0,0,0,0,1,0,0,0,0,0,0,0,0,0,0,9,9,0.00,0.00,0.00,0.00,1.00,0.00,0.00,158,255,1.00,0.00,0.01,0.02,0.00,0.00,0.00,0.00
09:12:24,normal,0,tcp,http,SF,286,5989,0,0,0,0,0,1,0,0,0,0,0,0,0,0,0,0,6,6,0.00,0.00,0.00,0.00,1.00,0.00,0.00,6,251,1.00,0.00,0.17,0.07,0.00,0.00,0.00,0.00
09:12:25,normal,0,tcp,http,SF,272,404,0,0,0,0,0,1,0,0,0,0,0,0,0,0,0,0,8,9,0.00,0.00,0.00,0.00,1.00,0.00,0.22,41,255,1.00,0.00,0.02,0.01,0.00,0.00,0.00,0.00
09:12:26,smurf,0,icmp,ecr_i,SF,1032,0,0,0,0,0,0,0,0,0,0,0,0,0,0,0,0,0,156,156,0.00,0.00,0.00,0.00,1.00,0.00,0.00,255,254,1.00,0.01,1.00,0.00,0.00,0.00,0.00,0.00
09:12:27,normal,0,tcp,http,SF,211,740,0,0,0,0,0,1,0,0,0,0,0,0,0,0,0,0,3,3,0.00,0.00,0.00,0.00,1.00,0.00,0.00,3,255,1.00,0.00,0.33,0.04,0.00,0.00,0.00,0.00
09:12:28,normal,0,tcp,smtp,SF,0,83,0,0,0,0,0,1,0,0,0,0,0,0,0,0,0,0,1,1,0.00,0.00,0.00,0.00,1.00,0.00,0.00,18,103,0.44,0.28,0.06,0.02,0.00,0.00,0.00,0.00
09:12:29,normal,0,tcp,http,SF,260,32017,0,0,0,0,0,1,0,0,0,0,0,0,0,0,0,0,1,1,0.00,0.00,0.00,0.00,1.00,0.00,0.00,48,255,1.00,0.00,0.02,0.02,0.00,0.00,0.00,0.00
09:12:30,snmpgetattack,0,udp,private,SF,105,147,0,0,0,0,0,0,0,0,0,0,0,0,0,0,0,0,1,1,0.00,0.00,0.00,0.00,1.00,0.00,0.00,255,248,0.97,0.01,0.01,0.00,0.00,0.00,0.00,0.00
09:12:31,neptune,0,tcp,Z39_50,S0,0,0,0,0,0,0,0,0,0,0,0,0,0,0,0,0,0,0,167,12,1.00,1.00,0.00,0.00,0.07,0.10,0.00,255,12,0.05,0.10,0.00,0.00,1.00,1.00,0.00,0.00
09:12:32,guess_passwd,0,tcp,telnet,SF,119,188,0,0,0,0,1,0,0,0,0,0,0,0,0,0,0,0,2,2,0.00,0.00,0.00,0.00,1.00,0.00,0.00,255,33,0.13,0.02,0.00,0.00,0.00,0.00,0.00,0.03
09:12:33,apache2,804,tcp,http,RSTR,21184,0,0,0,0,0,0,1,0,0,0,0,0,0,0,0,0,0,50,50,0.02,0.02,0.98,0.98,1.00,0.00,0.00,255,253,0.99,0.01,0.00,0.00,0.01,0.01,0.70,0.71
09:12:34,neptune,0,tcp,private,REJ,0,0,0,0,0,0,0,0,0,0,0,0,0,0,0,0,0,0,210,3,0.00,0.00,1.00,1.00,0.01,0.07,0.00,255,3,0.01,0.08,0.00,0.00,0.00,0.00,1.00,1.00
09:12:35,normal,0,udp,private,SF,1,0,0,0,0,0,0,0,0,0,0,0,0,0,0,0,0,0,32,11,0.00,0.00,0.00,0.00,0.34,0.09,0.00,255,11,0.04,0.58,0.99,0.00,0.00,0.00,0.01,0.00
09:12:36,normal,0,udp,domain_u,SF,43,43,0,0,0,0,0,0,0,0,0,0,0,0,0,0,0,0,49,49,0.00,0.00,0.00,0.00,1.00,0.00,0.00,255,255,1.00,0.00,0.00,0.00,0.00,0.00,0.00,0.00
09:12:37,normal,0,tcp,http,SF,218,9432,0,0,0,0,0,1,0,0,0,0,0,0,0,0,0,0,19,19,0.00,0.00,0.00,0.00,1.00,0.00,0.00,65,250,1.00,0.00,0.02,0.06,0.00,0.00,0.00,0.00
09:12:38,satan,0,tcp,other,REJ,0,0,0,0,0,0,0,0,0,0,0,0,0,0,0,0,0,0,509,1,0.01,0.00,0.96,1.00,0.00,1.00,0.00,255,1,0.00,1.00,0.00,0.00,0.00,0.00,0.97,1.00
09:12:39,nmap,0,tcp,private,SH,0,0,0,0,0,0,0,0,0,0,0,0,0,0,0,0,0,0,1,1,1.00,1.00,0.00,0.00,1.00,0.00,0.00,192,1,0.01,0.99,0.99,0.00,0.99,1.00,0.00,0.00
09:12:40,mscan,0,tcp,sunrpc,REJ,0,0,0,0,0,0,0,0,0,0,0,0,0,0,0,0,0,0,4,1,0.00,0.00,0.75,1.00,0.25,1.00,0.00,148,52,0.19,0.03,0.01,0.04,0.00,0.00,0.89,1.00
09:12:41,processtable,7590,tcp,telnet,SF,0,44,0,0,0,0,0,0,0,0,0,0,0,0,0,0,0,0,1,1,0.00,0.00,0.00,0.00,1.00,0.00,0.00,255,176,0.69,0.02,0.00,0.00,0.45,0.43,0.01,0.01
09:12:42,normal,0,tcp,http,SF,209,2827,0,0,0,0,0,1,0,0,0,0,0,0,0,0,0,0,28,30,0.00,0.00,0.00,0.00,1.00,0.00,0.10,76,255,1.00,0.00,0.01,0.02,0.00,0.00,0.00,0.00
09:12:43,neptune,0,tcp,imap4,S0,0,0,0,0,0,0,0,0,0,0,0,0,0,0,0,0,0,0,181,4,1.00,1.00,0.00,0.00,0.02,0.09,0.00,255,4,0.02,0.09,0.00,0.00,1.00,1.00,0.00,0.00
09:12:44,normal,0,tcp,http,SF,283,11422,0,0,0,0,0,1,0,0,0,0,0,0,0,0,0,0,9,9,0.00,0.00,0.00,0.00,1.00,0.00,0.00,34,255,1.00,0.00,0.03,0.02,0.03,0.00,0.00,0.00
09:12:45,normal,0,tcp,http,SF,198,5989,0,0,0,0,0,1,0,0,0,0,0,0,0,0,0,0,9,9,0.00,0.00,0.00,0.00,1.00,0.00,0.00,9,253,1.00,0.00,0.11,0.06,0.00,0.00,0.00,0.00
09:12:46,neptune,0,tcp,private,REJ,0,0,0,0,0,0,0,0,0,0,0,0,0,0,0,0,0,0,102,19,0.00,0.00,1.00,1.00,0.19,0.07,0.00,255,19,0.07,0.06,0.00,0.00,0.00,0.00,1.00,1.00
09:12:47,satan,0,tcp,other,REJ,0,0,0,0,0,0,0,0,0,0,0,0,0,0,0,0,0,0,508,1,0.00,0.00,1.00,1.00,0.00,0.99,0.00,255,1,0.00,1.00,0.00,0.00,0.00,0.00,1.00,1.00
09:12:48,normal,0,tcp,http,SF,483,6839,0,0,0,0,0,1,0,0,0,0,0,0,0,0,0,0,2,2,0.00,0.00,0.00,0.00,1.00,0.00,0.00,255,255,1.00,0.00,0.00,0.00,0.00,0.00,0.00,0.00
09:12:49,normal,0,tcp,http,SF,314,1885,0,0,0,0,0,1,0,0,0,0,0,0,0,0,0,0,4,10,0.00,0.00,0.00,0.00,1.00,0.00,0.20,48,242,1.00,0.00,0.02,0.03,0.00,0.00,0.00,0.00
09:12:50,normal,0,tcp,http,SF,317,303,0,0,0,0,0,1,0,0,0,0,0,0,0,0,0,0,21,21,0.00,0.00,0.00,0.00,1.00,0.00,0.00,21,255,1.00,0.00,0.05,0.08,0.00,0.00,0.00,0.00
09:12:51,normal,0,udp,private,SF,53,53,0,0,0,0,0,0,0,0,0,0,0,0,0,0,0,0,286,286,0.00,0.00,0.00,0.00,1.00,0.00,0.00,255,255,1.00,0.00,0.86,0.00,0.00,0.00,0.00,0.00
09:12:52,neptune,0,tcp,private,REJ,0,0,0,0,0,0,0,0,0,0,0,0,0,0,0,0,0,0,254,12,0.00,0.00,1.00,1.00,0.05,0.07,0.00,255,12,0.05,0.07,0.00,0.00,0.00,0.00,1.00,1.00
09:12:53,httptunnel,0,tcp,other,REJ,0,0,0,0,0,0,0,0,0,0,0,0,0,0,0,0,0,0,2,1,0.00,0.00,0.50,1.00,0.50,1.00,0.00,255,32,0.13,0.02,0.00,0.00,0.00,0.00,0.11,0.75
09:12:54,guess_passwd,7,tcp,pop_3,SF,30,93,0,0,0,0,0,1,0,0,0,0,0,0,0,0,0,0,1,1,0.00,0.00,0.00,0.00,1.00,0.00,0.00,255,246,0.96,0.01,0.00,0.00,0.00,0.00,0.00,0.00
09:12:55,back,0,tcp,http,SF,54540,8314,0,0,0,2,0,1,1,0,0,0,0,0,0,0,0,0,3,13,0.00,0.00,0.00,0.00,1.00,0.00,0.15,255,255,1.00,0.00,0.00,0.00,0.00,0.00,0.03,0.03
09:12:56,normal,0,tcp,http,SF,315,11915,0,0,0,0,0,1,0,0,0,0,0,0,0,0,0,0,16,16,0.00,0.00,0.00,0.00,1.00,0.00,0.00,255,255,1.00,0.00,0.00,0.00,0.00,0.00,0.00,0.00
09:12:57,normal,0,tcp,http,SF,310,1934,0,0,0,0,0,1,0,0,0,0,0,0,0,0,0,0,3,8,0.00,0.00,0.00,0.00,1.00,0.00,0.25,6,255,1.00,0.00,0.17,0.03,0.00,0.00,0.00,0.00
09:12:58,normal,3,tcp,private,RSTR,0,0,0,0,0,0,0,0,0,0,0,0,0,0,0,0,0,0,143,2,0.00,0.00,1.00,1.00,0.01,0.55,0.00,150,2,0.01,0.52,0.95,0.00,0.00,0.00,0.95,1.00
09:12:59,normal,0,udp,private,SF,54,53,0,0,0,0,0,0,0,0,0,0,0,0,0,0,0,0,511,511,0.00,0.00,0.00,0.00,1.00,0.00,0.00,255,255,1.00,0.00,0.95,0.00,0.00,0.00,0.00,0.00
09:13:00,processtable,7290,tcp,telnet,SF,0,44,0,0,0,0,0,0,0,0,0,0,0,0,0,0,0,0,1,1,0.00,0.00,0.00,0.00,1.00,0.00,0.00,255,229,0.90,0.11,0.00,0.00,0.50,0.55,0.11,0.01
09:13:01,normal,0,tcp,http,SF,341,342,0,0,0,0,0,1,0,0,0,0,0,0,0,0,0,0,2,4,0.00,0.00,0.00,0.00,1.00,0.00,0.75,255,255,1.00,0.00,0.00,0.00,0.00,0.00,0.00,0.00
09:13:02,normal,0,tcp,http,SF,356,4048,0,0,0,0,0,1,0,0,0,0,0,0,0,0,0,0,1,1,0.00,0.00,0.00,0.00,1.00,0.00,0.00,34,255,1.00,0.00,0.03,0.03,0.03,0.00,0.00,0.00
09:13:03,warezmaster,280,tcp,ftp_data,SF,283618,0,0,0,0,0,0,0,0,0,0,0,0,0,0,0,0,0,1,1,0.00,0.00,0.00,0.00,1.00,0.00,0.00,3,15,1.00,0.00,1.00,0.13,0.00,0.00,0.00,0.00
09:13:04,mscan,2,tcp,telnet,SF,24,109,0,0,0,0,0,0,0,0,0,0,0,0,0,0,0,0,3,6,0.00,0.00,0.67,0.50,0.67,0.67,0.50,45,85,0.33,0.11,0.02,0.02,0.00,0.00,0.87,0.69
09:13:05,normal,0,tcp,http,SF,207,638,0,0,0,0,0,1,0,0,0,0,0,0,0,0,0,0,14,14,0.00,0.00,0.00,0.00,1.00,0.00,0.00,255,255,1.00,0.00,0.00,0.00,0.00,0.00,0.00,0.00
09:13:06,neptune,0,tcp,private,S0,0,0,0,0,0,0,0,0,0,0,0,0,0,0,0,0,0,0,299,19,1.00,1.00,0.00,0.00,0.06,0.06,0.00,255,19,0.07,0.07,0.00,0.00,1.00,1.00,0.00,0.00
09:13:07,satan,0,udp,private,SF,1,1,0,0,0,0,0,0,0,0,0,0,0,0,0,0,0,0,105,1,0.00,0.00,0.00,0.00,0.01,1.00,0.00,255,1,0.00,1.00,1.00,0.00,0.00,0.00,0.00,0.00
09:13:08,processtable,8027,tcp,telnet,SF,0,44,0,0,0,0,0,0,0,0,0,0,0,0,0,0,0,0,1,1,0.00,0.00,0.00,0.00,1.00,0.00,0.00,255,98,0.38,0.02,0.00,0.00,0.61,0.44,0.01,0.01
09:13:09,normal,0,tcp,http,SF,320,270,0,0,0,0,0,1,0,0,0,0,0,0,0,0,0,0,9,11,0.00,0.00,0.00,0.00,1.00,0.00,0.27,255,151,0.59,0.33,0.00,0.00,0.01,0.00,0.38,0.01
09:13:10,back,0,tcp,http,RSTR,54540,8314,0,0,0,2,0,1,1,0,0,0,0,0,0,0,0,0,6,6,0.00,0.00,0.17,0.17,1.00,0.00,0.00,255,229,0.90,0.01,0.00,0.00,0.00,0.00,0.01,0.01
09:13:11,normal,0,udp,domain_u,SF,44,126,0,0,0,0,0,0,0,0,0,0,0,0,0,0,0,0,106,177,0.00,0.00,0.00,0.00,0.99,0.02,0.01,255,254,1.00,0.01,0.00,0.00,0.00,0.00,0.00,0.00
09:13:12,normal,0,tcp,http,SF,304,3441,0,0,0,0,0,1,0,0,0,0,0,0,0,0,0,0,22,22,0.00,0.00,0.00,0.00,1.00,0.00,0.00,22,255,1.00,0.00,0.05,0.04,0.00,0.00,0.00,0.00
09:13:13,normal,0,tcp,http,SF,340,247,0,0,0,0,0,1,0,0,0,0,0,0,0,0,0,0,1,9,0.00,0.00,0.00,0.00,1.00,0.00,0.33,19,255,1.00,0.00,0.05,0.04,0.00,0.01,0.00,0.00
09:13:14,neptune,0,tcp,sunrpc,RSTO,0,0,0,0,0,0,0,0,0,0,0,0,0,0,0,0,0,0,234,4,0.00,0.00,1.00,1.00,0.02,0.07,0.00,255,4,0.02,0.07,0.00,0.00,0.00,0.00,1.00,1.00
09:13:15,mscan,0,tcp,pop_3,S0,0,0,0,0,0,0,0,0,0,0,0,0,0,0,0,0,0,0,1,3,1.00,1.00,0.00,0.00,1.00,0.00,1.00,63,85,0.33,0.05,0.03,0.04,1.00,1.00,0.00,0.00
09:13:16,neptune,0,tcp,discard,RSTO,0,0,0,0,0,0,0,0,0,0,0,0,0,0,0,0,0,0,202,1,0.00,0.00,1.00,1.00,0.00,0.07,0.00,255,1,0.00,0.07,0.00,0.00,0.00,0.00,1.00,1.00
09:13:17,normal,0,udp,other,SF,1,1,0,0,0,0,0,0,0,0,0,0,0,0,0,0,0,0,29,2,0.00,0.00,0.00,0.00,0.07,0.34,0.00,255,2,0.01,0.45,0.93,0.00,0.00,0.00,0.07,0.00
09:13:18,saint,0,icmp,eco_i,SF,20,0,0,0,0,0,0,0,0,0,0,0,0,0,0,0,0,0,1,42,0.00,0.00,0.00,0.00,1.00,0.00,1.00,1,42,1.00,0.00,1.00,0.29,0.00,0.00,0.00,0.00
09:13:19,normal,0,udp,domain_u,SF,43,83,0,0,0,0,0,0,0,0,0,0,0,0,0,0,0,0,172,172,0.00,0.00,0.00,0.00,1.00,0.00,0.00,255,255,1.00,0.00,0.01,0.00,0.00,0.00,0.00,0.00
09:13:20,neptune,0,tcp,courier,S0,0,0,0,0,0,0,0,0,0,0,0,0,0,0,0,0,0,0,53,5,1.00,1.00,0.00,0.00,0.09,0.15,0.00,255,5,0.02,0.15,0.00,0.00,1.00,1.00,0.00,0.00
09:13:21,normal,0,udp,domain_u,SF,44,112,0,0,0,0,0,0,0,0,0,0,0,0,0,0,0,0,3,5,0.00,0.00,0.00,0.00,1.00,0.00,0.40,255,225,0.88,0.01,0.01,0.00,0.00,0.00,0.04,0.00
09:13:22,normal,0,icmp,urp_i,SF,36,0,0,0,0,0,0,0,0,0,0,0,0,0,0,0,0,0,1,1,0.00,0.00,0.00,0.00,1.00,0.00,0.00,138,37,0.27,0.06,0.27,0.00,0.01,0.00,0.00,0.00
09:13:23,neptune,0,tcp,private,S0,0,0,0,0,0,0,0,0,0,0,0,0,0,0,0,0,0,0,150,20,1.00,1.00,0.00,0.00,0.13,0.06,0.00,255,20,0.08,0.07,0.00,0.00,1.00,1.00,0.00,0.00
09:13:24,processtable,7566,tcp,telnet,SF,0,44,0,0,0,0,0,0,0,0,0,0,0,0,0,0,0,0,1,1,0.00,0.00,0.00,0.00,1.00,0.00,0.00,255,166,0.65,0.33,0.00,0.00,0.49,0.76,0.32,0.01
09:13:25,neptune,0,tcp,imap4,REJ,0,0,0,0,0,0,0,0,0,0,0,0,0,0,0,0,0,0,217,17,0.00,0.00,1.00,1.00,0.08,0.06,0.00,255,17,0.07,0.07,0.00,0.00,0.00,0.00,1.00,1.00
09:13:26,back,0,tcp,http,SF,54540,8314,0,0,0,2,0,1,1,0,0,0,0,0,0,0,0,0,5,10,0.00,0.00,0.00,0.00,1.00,0.00,0.20,255,242,0.95,0.01,0.00,0.00,0.00,0.00,0.06,0.06
09:13:27,smurf,0,icmp,ecr_i,SF,1032,0,0,0,0,0,0,0,0,0,0,0,0,0,0,0,0,0,442,442,0.00,0.00,0.00,0.00,1.00,0.00,0.00,255,255,1.00,0.00,1.00,0.00,0.00,0.00,0.00,0.00
09:13:28,normal,0,tcp,http,SF,272,1379,0,0,0,0,0,1,0,0,0,0,0,0,0,0,0,0,24,31,0.00,0.00,0.00,0.00,1.00,0.00,0.06,186,255,1.00,0.00,0.01,0.02,0.00,0.00,0.00,0.00
09:13:29,guess_passwd,0,tcp,telnet,SF,123,174,0,0,0,0,1,0,0,0,0,0,0,0,0,0,0,0,2,2,0.00,0.00,0.00,0.00,1.00,0.00,0.00,255,49,0.19,0.02,0.00,0.00,0.00,0.00,0.01,0.04
09:13:30,neptune,0,tcp,private,REJ,0,0,0,0,0,0,0,0,0,0,0,0,0,0,0,0,0,0,101,18,0.00,0.00,1.00,1.00,0.18,0.06,0.00,255,18,0.07,0.05,0.00,0.00,0.00,0.00,1.00,1.00
09:13:31,snmpgetattack,0,udp,private,SF,105,147,0,0,0,0,0,0,0,0,0,0,0,0,0,0,0,0,1,1,0.00,0.00,0.00,0.00,1.00,0.00,0.00,237,235,0.99,0.01,0.00,0.00,0.00,0.00,0.00,0.00
09:13:32,normal,0,tcp,http,SF,321,4405,0,0,0,0,0,1,0,0,0,0,0,0,0,0,0,0,9,10,0.00,0.00,0.00,0.00,1.00,0.00,0.20,13,255,1.00,0.00,0.08,0.03,0.00,0.00,0.00,0.00
09:13:33,normal,0,tcp,http,SF,0,1452,0,0,0,0,0,0,0,0,0,0,0,0,0,0,0,0,4,10,0.25,0.10,0.00,0.00,1.00,0.00,0.20,253,255,1.00,0.00,0.00,0.01,0.00,0.00,0.00,0.00
09:13:34,mscan,1,tcp,telnet,SF,6,54,0,0,0,0,0,0,0,0,0,0,0,0,0,0,0,0,4,5,0.00,0.20,0.50,0.40,0.50,0.75,0.60,255,83,0.33,0.10,0.00,0.00,0.00,0.00,0.33,0.48
09:13:35,snmpguess,0,udp,private,SF,47,0,0,0,0,0,0,0,0,0,0,0,0,0,0,0,0,0,1,1,0.00,0.00,0.00,0.00,1.00,0.00,0.00,255,255,1.00,0.00,0.01,0.00,0.00,0.00,0.00,0.00
09:13:36,smurf,0,icmp,ecr_i,SF,1032,0,0,0,0,0,0,0,0,0,0,0,0,0,0,0,0,0,174,174,0.00,0.00,0.00,0.00,1.00,0.00,0.00,255,254,1.00,0.01,1.00,0.00,0.00,0.00,0.00,0.00
09:13:37,smurf,0,icmp,ecr_i,SF,1008,0,0,0,0,0,0,0,0,0,0,0,0,0,0,0,0,0,206,206,0.00,0.00,0.00,0.00,1.00,0.00,0.00,255,255,1.00,0.00,1.00,0.00,0.00,0.00,0.00,0.00
09:13:38,ipsweep,0,icmp,eco_i,SF,8,0,0,0,0,0,0,0,0,0,0,0,0,0,0,0,0,0,1,34,0.00,0.00,0.00,0.00,1.00,0.00,1.00,2,51,1.00,0.00,1.00,0.51,0.00,0.00,0.00,0.00
09:13:39,apache2,2057,tcp,http,RSTR,72564,0,0,0,0,0,0,1,0,0,0,0,0,0,0,0,0,0,11,11,0.00,0.00,1.00,1.00,1.00,0.00,0.00,255,243,0.95,0.01,0.00,0.00,0.02,0.02,0.35,0.37
09:13:40,normal,0,tcp,http,SF,279,705,0,0,0,0,0,1,0,0,0,0,0,0,0,0,0,0,2,4,0.00,0.00,0.00,0.00,1.00,0.00,0.50,152,255,1.00,0.00,0.01,0.03,0.00,0.00,0.00,0.00
09:13:41,neptune,0,tcp,private,REJ,0,0,0,0,0,0,0,0,0,0,0,0,0,0,0,0,0,0,252,11,0.00,0.00,1.00,1.00,0.04,0.07,0.00,255,11,0.04,0.08,0.00,0.00,0.00,0.00,1.00,1.00
09:13:42,neptune,0,tcp,name,REJ,0,0,0,0,0,0,0,0,0,0,0,0,0,0,0,0,0,0,213,18,0.00,0.00,1.00,1.00,0.08,0.06,0.00,255,18,0.07,0.06,0.00,0.00,0.00,0.00,1.00,1.00
09:13:43,normal,0,tcp,ftp_data,SF,768,0,0,0,0,0,0,0,0,0,0,0,0,0,0,0,0,0,9,10,0.00,0.00,0.00,0.00,1.00,0.00,0.20,82,37,0.45,0.06,0.45,0.00,0.00,0.00,0.00,0.00
09:13:44,normal,0,tcp,http,SF,264,2482,0,0,0,0,0,1,0,0,0,0,0,0,0,0,0,0,3,3,0.00,0.00,0.00,0.00,1.00,0.00,0.00,49,255,1.00,0.00,0.02,0.03,0.00,0.00,0.00,0.00
09:13:45,normal,0,tcp,auth,SF,13,38,0,0,0,0,0,0,0,0,0,0,0,0,0,0,0,0,1,1,0.00,0.00,0.00,0.00,1.00,0.00,0.00,142,3,0.02,0.04,0.01,0.00,0.00,0.00,0.00,0.00
09:13:46,warezmaster,280,tcp,ftp_data,SF,283618,0,0,0,0,0,0,0,0,0,0,0,0,0,0,0,0,0,2,2,0.00,0.00,0.00,0.00,1.00,0.00,0.00,4,14,1.00,0.00,1.00,0.14,0.00,0.00,0.00,0.00
09:13:47,satan,0,udp,other,SF,1,1,0,0,0,0,0,0,0,0,0,0,0,0,0,0,0,0,85,1,0.00,0.00,0.00,0.00,0.01,1.00,0.00,255,1,0.00,0.50,0.99,0.00,0.00,0.00,0.00,0.00
09:13:48,neptune,0,tcp,private,S0,0,0,0,0,0,0,0,0,0,0,0,0,0,0,0,0,0,0,41,2,1.00,1.00,0.00,0.00,0.05,0.20,0.00,255,2,0.01,0.18,0.00,0.00,1.00,1.00,0.00,0.00
09:13:49,normal,0,tcp,http,SF,222,1420,0,0,0,0,0,1,0,0,0,0,0,0,0,0,0,0,11,11,0.00,0.00,0.00,0.00,1.00,0.00,0.00,72,255,1.00,0.00,0.01,0.01,0.00,0.00,0.00,0.00
09:13:50,guess_passwd,5,tcp,pop_3,SF,26,93,0,0,0,0,0,1,0,0,0,0,0,0,0,0,0,0,1,1,0.00,0.00,0.00,0.00,1.00,0.00,0.00,148,131,0.88,0.02,0.01,0.02,0.00,0.00,0.07,0.00
09:13:51,normal,2,tcp,smtp,SF,1397,338,0,0,0,0,0,1,0,0,0,0,0,0,0,0,0,0,1,3,0.00,0.00,0.00,0.00,1.00,0.00,1.00,193,122,0.63,0.08,0.01,0.00,0.00,0.00,0.02,0.00
09:13:52,portsweep,0,tcp,private,RSTR,0,0,0,0,0,0,0,0,0,0,0,0,0,0,0,0,0,0,1,1,0.00,0.00,1.00,1.00,1.00,0.00,0.00,255,1,0.00,0.84,0.81,0.00,0.00,0.00,0.82,1.00
09:13:53,mailbomb,1,tcp,smtp,SF,2599,293,0,0,0,0,0,1,0,0,0,0,0,0,0,0,0,0,3,2,0.00,0.00,0.33,0.00,0.67,0.67,0.00,255,26,0.10,0.16,0.00,0.00,0.00,0.00,0.88,0.00
09:13:54,apache2,0,tcp,http,S0,0,0,0,0,0,0,0,0,0,0,0,0,0,0,0,0,0,0,11,11,1.00,1.00,0.00,0.00,1.00,0.00,0.00,255,244,0.96,0.01,0.00,0.00,0.09,0.10,0.56,0.59
09:13:55,normal,0,tcp,ftp_data,SF,252,0,0,0,0,0,0,0,0,0,0,0,0,0,0,0,0,0,2,2,0.00,0.00,0.00,0.00,1.00,0.00,0.00,65,7,0.11,0.08,0.11,0.00,0.00,0.00,0.00,0.00
09:13:56,warezmaster,288,tcp,ftp,SF,160,597,0,0,0,2,0,1,0,0,0,0,0,0,0,0,0,1,1,1,0.00,0.00,0.00,0.00,1.00,0.00,0.00,101,6,0.06,0.62,0.01,0.00,0.00,0.00,0.62,0.17
09:13:57,neptune,0,tcp,private,REJ,0,0,0,0,0,0,0,0,0,0,0,0,0,0,0,0,0,0,113,2,0.00,0.00,1.00,1.00,0.02,0.06,0.00,255,2,0.01,0.05,0.00,0.00,0.00,0.00,1.00,1.00
09:13:58,normal,0,tcp,http,SF,241,197,0,0,0,0,0,1,0,0,0,0,0,0,0,0,0,0,1,1,0.00,0.00,0.00,0.00,1.00,0.00,0.00,1,123,1.00,0.00,1.00,0.02,0.00,0.00,0.00,0.00
09:13:59,normal,0,tcp,http,SF,236,15399,0,0,0,0,0,1,0,0,0,0,0,0,0,0,0,0,2,4,0.00,0.00,0.00,0.00,1.00,0.00,0.50,255,255,1.00,0.00,0.00,0.00,0.00,0.00,0.00,0.00
09:14:00,normal,0,udp,domain_u,SF,44,134,0,0,0,0,0,0,0,0,0,0,0,0,0,0,0,0,83,163,0.00,0.00,0.00,0.00,1.00,0.00,0.01,255,255,1.00,0.00,0.00,0.00,0.00,0.00,0.00,0.00
09:14:01,normal,0,tcp,http,SF,247,12932,0,0,0,0,0,1,0,0,0,0,0,0,0,0,0,0,9,10,0.00,0.00,0.00,0.00,1.00,0.00,0.20,255,255,1.00,0.00,0.00,0.00,0.01,0.01,0.00,0.00
09:14:02,normal,0,tcp,http,SF,343,1202,0,0,0,0,0,1,0,0,0,0,0,0,0,0,0,0,1,1,0.00,0.00,0.00,0.00,1.00,0.00,0.00,196,255,1.00,0.00,0.01,0.01,0.00,0.00,0.00,0.00
09:14:03,neptune,0,tcp,ftp,RSTO,0,0,0,0,0,0,0,0,0,0,0,0,0,0,0,0,0,0,111,6,0.00,0.00,1.00,1.00,0.05,0.07,0.00,255,6,0.02,0.06,0.00,0.00,0.00,0.00,1.00,1.00
09:14:04,normal,0,tcp,http,SF,293,311,0,0,0,0,0,1,0,0,0,0,0,0,0,0,0,0,2,3,0.00,0.00,0.00,0.00,1.00,0.00,0.67,9,255,1.00,0.00,0.11,0.02,0.00,0.00,0.00,0.00
09:14:06,normal,0,tcp,http,SF,261,4577,0,0,0,0,0,1,0,0,0,0,0,0,0,0,0,0,14,14,0.00,0.00,0.00,0.00,1.00,0.00,0.00,255,255,1.00,0.00,0.00,0.00,0.00,0.00,0.00,0.00
09:14:07,normal,0,tcp,http,SF,351,699,0,0,0,0,0,1,0,0,0,0,0,0,0,0,0,0,36,36,0.00,0.00,0.00,0.00,1.00,0.00,0.00,255,255,1.00,0.00,0.01,0.00,0.00,0.00,0.00,0.00
09:14:08,guess_passwd,4,tcp,pop_3,SF,32,93,0,0,0,0,0,1,0,0,0,0,0,0,0,0,0,0,1,1,0.00,0.00,0.00,0.00,1.00,0.00,0.00,255,137,0.54,0.02,0.00,0.00,0.00,0.00,0.17,0.00
09:14:09,normal,8,tcp,smtp,SF,4255,367,0,0,0,0,0,1,0,0,0,0,0,0,0,0,0,0,1,1,0.00,0.00,0.00,0.00,1.00,0.00,0.00,143,152,0.83,0.03,0.01,0.01,0.00,0.00,0.00,0.00
09:14:10,neptune,0,tcp,private,REJ,0,0,0,0,0,0,0,0,0,0,0,0,0,0,0,0,0,0,246,11,0.00,0.00,1.00,1.00,0.04,0.06,0.00,255,11,0.04,0.08,0.00,0.00,0.00,0.00,1.00,1.00
09:14:11,satan,0,udp,private,SF,1,1,0,0,0,0,0,0,0,0,0,0,0,0,0,0,0,0,57,1,0.00,0.00,0.00,0.00,0.02,1.00,0.00,255,1,0.00,0.70,0.96,0.00,0.00,0.00,0.04,0.00
09:14:12,normal,0,tcp,http,SF,245,453,0,0,0,0,0,1,0,0,0,0,0,0,0,0,0,0,3,3,0.00,0.00,0.00,0.00,1.00,0.00,0.00,255,255,1.00,0.00,0.00,0.00,0.00,0.00,0.00,0.00
09:14:13,normal,0,tcp,http,SF,205,255,0,0,0,0,0,1,0,0,0,0,0,0,0,0,0,0,12,16,0.00,0.00,0.00,0.00,1.00,0.00,0.19,255,255,1.00,0.00,0.00,0.00,0.00,0.00,0.00,0.00
09:14:14,neptune,0,tcp,private,REJ,0,0,0,0,0,0,0,0,0,0,0,0,0,0,0,0,0,0,260,18,0.00,0.00,1.00,1.00,0.07,0.07,0.00,255,18,0.07,0.07,0.00,0.00,0.00,0.00,1.00,1.00
09:14:15,apache2,841,tcp,http,RSTR,60884,0,0,0,0,0,0,1,0,0,0,0,0,0,0,0,0,0,73,73,0.03,0.03,0.97,0.97,1.00,0.00,0.00,255,253,0.99,0.01,0.00,0.00,0.01,0.01,0.35,0.35
09:14:16,normal,0,tcp,http,SF,173,12382,0,0,0,0,0,1,0,0,0,0,0,0,0,0,0,0,1,18,0.00,0.00,0.00,0.00,1.00,0.00,0.17,162,162,1.00,0.00,0.01,0.00,0.00,0.00,0.00,0.00
09:14:17,normal,0,tcp,http,SF,245,7242,0,0,0,0,0,1,0,0,0,0,0,0,0,0,0,0,7,7,0.00,0.00,0.00,0.00,1.00,0.00,0.00,24,255,1.00,0.00,0.04,0.05,0.00,0.00,0.00,0.00
09:14:18,normal,0,udp,private,SF,54,51,0,0,0,0,0,0,0,0,0,0,0,0,0,0,0,0,509,509,0.00,0.00,0.00,0.00,1.00,0.00,0.00,255,255,1.00,0.00,0.86,0.00,0.00,0.00,0.00,0.00
09:14:19,normal,0,tcp,http,SF,256,31903,0,0,0,0,0,1,0,0,0,0,0,0,0,0,0,0,3,3,0.00,0.00,0.00,0.00,1.00,0.00,0.00,120,255,1.00,0.00,0.01,0.05,0.00,0.00,0.00,0.00
09:14:20,neptune,0,tcp,private,REJ,0,0,0,0,0,0,0,0,0,0,0,0,0,0,0,0,0,0,165,5,0.00,0.00,1.00,1.00,0.03,0.07,0.00,255,5,0.02,0.07,0.00,0.00,0.00,0.00,1.00,1.00
09:14:21,normal,0,tcp,http,SF,193,1478,0,0,0,0,0,1,0,0,0,0,0,0,0,0,0,0,1,1,0.00,0.00,0.00,0.00,1.00,0.00,0.00,223,220,0.99,0.01,0.00,0.00,0.00,0.00,0.01,0.01
09:14:22,normal,0,tcp,ftp_data,SF,687,0,0,0,0,0,0,0,0,0,0,0,0,0,0,0,0,0,1,1,0.00,0.00,0.00,0.00,1.00,0.00,0.00,212,10,0.05,0.03,0.05,0.00,0.00,0.00,0.00,0.00
09:14:23,normal,0,tcp,http,SF,344,7177,0,0,0,0,0,1,0,0,0,0,0,0,0,0,0,0,5,5,0.00,0.00,0.00,0.00,1.00,0.00,0.00,255,255,1.00,0.00,0.00,0.00,0.00,0.00,0.00,0.00
09:14:24,normal,0,tcp,http,SF,238,17,0,0,0,0,0,1,0,0,0,0,0,0,0,0,0,0,1,9,0.00,0.00,0.00,0.00,1.00,0.00,0.22,1,255,1.00,0.00,1.00,0.04,0.00,0.00,0.00,0.00
09:14:25,neptune,0,tcp,login,S0,0,0,0,0,0,0,0,0,0,0,0,0,0,0,0,0,0,0,38,4,1.00,1.00,0.00,0.00,0.11,0.16,0.00,255,4,0.02,0.15,0.00,0.00,1.00,1.00,0.00,0.00
09:14:26,smurf,0,icmp,ecr_i,SF,1008,0,0,0,0,0,0,0,0,0,0,0,0,0,0,0,0,0,283,283,0.00,0.00,0.00,0.00,1.00,0.00,0.00,255,255,1.00,0.00,1.00,0.00,0.00,0.00,0.00,0.00
09:14:27,mscan,0,tcp,pop_3,RSTO,0,36,0,0,0,0,0,1,0,0,0,0,0,0,0,0,0,0,3,4,0.00,0.00,1.00,1.00,0.33,1.00,1.00,255,26,0.10,0.03,0.00,0.00,0.00,0.00,0.35,0.96
09:14:28,neptune,0,tcp,private,S0,0,0,0,0,0,0,0,0,0,0,0,0,0,0,0,0,0,0,144,18,1.00,1.00,0.00,0.00,0.12,0.06,0.00,255,18,0.07,0.05,0.00,0.00,1.00,1.00,0.00,0.00
09:14:29,normal,0,tcp,http,SF,237,807,0,0,0,0,0,1,0,0,0,0,0,0,0,0,0,0,18,18,0.00,0.00,0.00,0.00,1.00,0.00,0.00,255,255,1.00,0.00,0.00,0.00,0.00,0.00,0.00,0.00
09:14:30,normal,0,udp,domain_u,SF,42,42,0,0,0,0,0,0,0,0,0,0,0,0,0,0,0,0,3,4,0.00,0.00,0.00,0.00,1.00,0.00,0.50,255,251,0.98,0.01,0.00,0.00,0.00,0.00,0.00,0.00
09:14:31,smurf,0,icmp,ecr_i,SF,508,0,0,0,0,0,0,0,0,0,0,0,0,0,0,0,0,0,511,511,0.00,0.00,0.00,0.00,1.00,0.00,0.00,177,54,0.31,0.03,0.31,0.00,0.00,0.00,0.63,0.00
09:14:32,normal,0,udp,private,SF,1,0,0,0,0,0,0,0,0,0,0,0,0,0,0,0,0,0,143,9,0.00,0.00,0.00,0.00,0.06,0.70,0.00,255,9,0.04,0.86,1.00,0.00,0.00,0.00,0.00,0.00
09:14:33,normal,0,tcp,http,SF,257,5320,0,0,0,0,0,1,0,0,0,0,0,0,0,0,0,0,15,15,0.07,0.07,0.00,0.00,1.00,0.00,0.00,255,255,1.00,0.00,0.00,0.00,0.00,0.00,0.00,0.00
09:14:34,normal,0,tcp,http,SF,239,3222,0,0,0,0,0,1,0,0,0,0,0,0,0,0,0,0,6,6,0.00,0.00,0.00,0.00,1.00,0.00,0.00,255,7,0.03,0.01,0.00,0.00,0.02,0.00,0.02,0.00
09:14:35,normal,0,tcp,http,S1,220,29200,0,0,0,0,0,1,0,0,0,0,0,0,0,0,0,0,2,2,0.50,0.50,0.00,0.00,1.00,0.00,0.00,20,251,1.00,0.00,0.05,0.02,0.05,0.00,0.00,0.00
